[06/12/2014 11:13:48] /m Magikarp
[06/12/2014 11:13:50] /m Magikarp
[06/12/2014 11:13:53] /m Magikarp
[06/12/2014 11:13:54] /m Magikarp
[06/12/2014 11:14:54] /cliport
[06/12/2014 11:15:36] /m Magikarp
[06/12/2014 11:15:36] /m Magikarp
[06/12/2014 11:15:36] /m Magikarp
[06/12/2014 11:15:37] /m Magikarp
[06/12/2014 11:15:46] /m Magikarp
[06/12/2014 11:20:16] /i 12343
[06/12/2014 11:21:42] /reload actions
[06/12/2014 11:31:12] /reload actions
[06/12/2014 11:38:23] /i revive
[06/12/2014 11:38:29] /m Magikarp
[06/12/2014 11:38:30] /m Magikarp
[06/12/2014 11:38:31] /m Magikarp
[06/12/2014 11:39:40] /reload actions
[06/12/2014 11:39:42] /reload config
[06/12/2014 11:39:46] /m Magikarp
[06/12/2014 11:39:47] /m Magikarp
[06/12/2014 11:39:47] /m Magikarp
[06/12/2014 11:39:47] /m Magikarp
[06/12/2014 11:40:50] /m Magikarp
[06/12/2014 11:40:50] /m Magikarp
[06/12/2014 11:40:50] /m Magikarp
[06/12/2014 11:41:44] /m Magikarp
[06/12/2014 11:41:45] /m Magikarp
[06/12/2014 11:43:13] /m Magikarp
[06/12/2014 11:43:14] /m Magikarp
[06/12/2014 11:43:14] /m Magikarp
[06/12/2014 11:43:15] /m Magikarp
[06/12/2014 11:43:31] /m Magikarp
[06/12/2014 11:43:32] /m Magikarp
[06/12/2014 11:43:33] /m Magikarp
[06/12/2014 11:43:59] /m Magikarp
[06/12/2014 23:36:06] !vip
[07/12/2014 08:44:40] /m magikarp
[07/12/2014 08:44:41] /m magikarp
[07/12/2014 08:48:12] /attr health -1000
[07/12/2014 08:48:14] /attr health -1000
[07/12/2014 08:54:40] /goto 909,978,7
[07/12/2014 20:30:11] /b Servidor vai ser Fexado e so volta amanha a ficar online
[07/12/2014 20:30:37] /b o servidor nao é 24 hrs
[07/12/2014 20:30:50] /b quem quer meu server?
[07/12/2014 20:32:56] /bc green esse Servidor esta na net galera para baixar
[07/12/2014 20:33:02] /bc green faz tempo ja
[07/12/2014 20:33:56] /bc green download do servidor : http://www.tibiaking.com/forum/topic/44386-pokemon-dash-advanced-pda-80-sources/
[07/12/2014 20:35:38] /bc green download do servidor : http://www.tibiaking.com/forum/topic/44386-pokemon-dash-advanced-pda-80-sources/
[07/12/2014 20:35:41] /bc green download do servidor : http://www.tibiaking.com/forum/topic/44386-pokemon-dash-advanced-pda-80-sources/
[07/12/2014 20:35:42] /bc green download do servidor : http://www.tibiaking.com/forum/topic/44386-pokemon-dash-advanced-pda-80-sources/
[07/12/2014 20:35:43] /bc green download do servidor : http://www.tibiaking.com/forum/topic/44386-pokemon-dash-advanced-pda-80-sources/
[07/12/2014 20:36:16] /b alguem ae e Hoster?
[07/12/2014 20:36:22] /b alguem ae e Hoster?
[07/12/2014 20:36:37] /b alguem ae e Hoster?
[09/12/2014 20:22:09] /closeserver
[09/12/2014 20:22:15] /m Magikarp
[09/12/2014 20:22:16] /m Magikarp
[09/12/2014 20:22:16] /m Magikarp
[09/12/2014 20:24:38] /openserver
[12/12/2014 20:10:09] /ghost
[12/12/2014 20:10:45] /goto roondy
[12/12/2014 20:11:24] /attr health -2000
[12/12/2014 20:11:26] /attr health -20000
[13/12/2014 09:48:19] /reload talk
[13/12/2014 09:48:29] /ghost
[13/12/2014 09:48:30] /ghost
[13/12/2014 14:50:27] /goto hisoka
[13/12/2014 14:50:53] /goto trikst
[13/12/2014 14:50:59] /goto dario master
[14/12/2014 13:47:00] /b eae galera vou fazer um evento de corrida de pokemon pq bateu sdds do evento quem vai?
[14/12/2014 13:47:07] /a 2
[14/12/2014 13:47:13] /ghost
[14/12/2014 13:47:21] /c limited
[14/12/2014 13:47:24] /c the master kill
[14/12/2014 13:47:38] /r
[14/12/2014 13:47:42] /r
[14/12/2014 13:47:44] /r
[14/12/2014 13:49:22] /b 3
[14/12/2014 13:49:23] /b 2
[14/12/2014 13:49:26] /b 1
[14/12/2014 13:49:47] /bc green pra quem nao sabe o status "agiliti" do pokemon é "speed" do pokemon
[14/12/2014 13:49:49] /bc green pra quem nao sabe o status "agiliti" do pokemon é "speed" do pokemon
[14/12/2014 13:49:50] /bc green pra quem nao sabe o status "agiliti" do pokemon é "speed" do pokemon
[14/12/2014 13:49:50] /bc green pra quem nao sabe o status "agiliti" do pokemon é "speed" do pokemon
[14/12/2014 13:49:50] /bc green pra quem nao sabe o status "agiliti" do pokemon é "speed" do pokemon
[14/12/2014 13:50:04] /i 11474
[14/12/2014 13:50:07] /bc green pra quem nao sabe o status "agiliti" do pokemon é "speed" do pokemon
[14/12/2014 13:54:12] /i 11640
[14/12/2014 13:54:16] /i 11640
[14/12/2014 13:55:48] /c the master kill
[14/12/2014 13:55:49] /c the master kill
[14/12/2014 13:56:02] /c limiteed
[14/12/2014 13:56:05] /c limited
[14/12/2014 13:56:06] /c limited
[14/12/2014 14:00:29] /i pokebag
[14/12/2014 14:00:36] /i bag
[14/12/2014 14:01:09] /i 2000
[14/12/2014 14:01:13] /i 2000
[14/12/2014 14:03:53] /i 2159
[14/12/2014 14:03:53] /i 2159
[14/12/2014 14:03:54] /i 2159
[14/12/2014 14:03:54] /i 2159
[14/12/2014 14:03:55] /i 2159
[14/12/2014 14:03:55] /i 2159
[14/12/2014 14:13:01] /i 13365
[14/12/2014 14:15:20] /a 2
[14/12/2014 14:15:25] /a 2
[14/12/2014 14:16:24] /r
[14/12/2014 14:16:26] /r
[14/12/2014 14:16:30] /r
[14/12/2014 14:16:31] /r
[14/12/2014 14:16:32] /r
[14/12/2014 14:16:33] /r
[14/12/2014 14:16:35] /r
[14/12/2014 14:16:36] /r
[14/12/2014 14:21:58] /b galera vou sair + tarde eu entro fazer outro evento de corrida de pokemon
[14/12/2014 14:21:59] /b galera vou sair + tarde eu entro fazer outro evento de corrida de pokemon
[14/12/2014 14:21:59] /b galera vou sair + tarde eu entro fazer outro evento de corrida de pokemon
[14/12/2014 14:21:59] /b galera vou sair + tarde eu entro fazer outro evento de corrida de pokemon
[14/12/2014 17:55:05] /b quem quer evento de corrida de pokemon?
[14/12/2014 17:55:07] /b quem quer evento de corrida de pokemon?
[14/12/2014 17:55:16] /c limited
[14/12/2014 17:55:20] /c jailson mendes
[14/12/2014 17:55:33] /c The Master kill
[14/12/2014 17:55:56] /c Uchihajordan
[14/12/2014 17:56:56] /r
[14/12/2014 17:57:00] /r
[14/12/2014 17:57:07] /r
[14/12/2014 17:57:45] /c limited
[14/12/2014 17:58:32] /b o status agility e o speed do poke (para ficar mais rapido precisa dar apricorn para seu pokemon)
[14/12/2014 17:58:47] /b a corrida vai dar a largada
[14/12/2014 17:58:50] /b 5
[14/12/2014 17:58:54] /b 4
[14/12/2014 17:58:57] /b 3
[14/12/2014 17:59:00] /b 2
[14/12/2014 17:59:03] /b 1
[14/12/2014 17:59:32] /i 11474
[14/12/2014 18:02:06] /b ta tendo torneio
[14/12/2014 18:02:22] /goto the master kill
[14/12/2014 18:02:46] /goto the master kill
[14/12/2014 18:02:49] /a 2
[14/12/2014 18:04:13] /a 2
[14/12/2014 18:05:32] /goto Uchihajordan
[14/12/2014 18:05:54] /goto limited
[14/12/2014 18:06:00] /a 2
[14/12/2014 18:07:24] /a 2
[14/12/2014 18:08:14] /a 1
[14/12/2014 18:08:16] /a 2
[14/12/2014 18:10:09] /goto the master kill
[14/12/2014 18:12:52] /a 2
[14/12/2014 18:12:54] /a 1
[14/12/2014 18:12:55] /a 3
[14/12/2014 18:13:17] /goto Jailson Mendes:
[14/12/2014 18:13:19] /goto Jailson Mendes
[14/12/2014 18:20:08] /c the master kill
[14/12/2014 18:26:06] /goto jailson mendes
[14/12/2014 18:33:30] /bc green galera para aparecer um shiny no server é de 0.3%
[14/12/2014 18:43:28] /b 19:00 evento pvp
[14/12/2014 18:56:13] /reload npc
[14/12/2014 18:56:18] /bc green preço do npc mark atualizado
[14/12/2014 18:56:20] /bc green preço do npc mark atualizado
[14/12/2014 18:56:20] /bc green preço do npc mark atualizado
[14/12/2014 18:58:52] /a 1
[14/12/2014 18:59:02] /bc green Evento as 19:00 de PVP
[14/12/2014 18:59:58] /i 13329
[14/12/2014 19:00:07] /a 1
[14/12/2014 19:00:08] /r
[14/12/2014 19:00:15] /bc green Evento as 19:00 de PVP
[14/12/2014 19:00:16] /bc green Evento as 19:00 de PVP
[14/12/2014 19:00:16] /bc green Evento as 19:00 de PVP
[14/12/2014 19:00:17] /bc green Evento as 19:00 de PVP
[14/12/2014 19:00:19] /c limited
[14/12/2014 19:01:29] /a 2
[14/12/2014 19:01:38] /bc green galera evento PVP
[14/12/2014 19:01:49] /bc green galera evento PVP
[14/12/2014 19:01:49] /bc green galera evento PVP
[14/12/2014 19:01:50] /bc green galera evento PVP
[14/12/2014 19:01:50] /bc green galera evento PVP
[14/12/2014 19:01:58] /bc green galera evento PVP
[14/12/2014 19:01:59] /bc green galera evento PVP
[14/12/2014 19:02:08] /goto Uchihajordan 
[14/12/2014 19:02:40] /town 2
[14/12/2014 19:02:41] /town 1
[14/12/2014 19:02:48] /i 11474
[14/12/2014 19:02:52] /a 2
[14/12/2014 19:03:05] /b o evento vai iniciar e:
[14/12/2014 19:06:31] /town 1
[14/12/2014 19:09:12] /attr aid 8768
[14/12/2014 19:10:04] /attr aid 8768
[14/12/2014 19:10:38] /a 2
[14/12/2014 19:10:40] /a 1
[14/12/2014 19:10:42] /a 2
[14/12/2014 19:10:47] /c jailson mendes
[14/12/2014 19:10:52] /town 1
[14/12/2014 20:30:38] /b gente vou reiniciar o servidor e jaja volta
[14/12/2014 20:30:48] /save
[14/12/2014 20:32:21] /m Magikarp
[14/12/2014 20:32:37] /m Magikarp
[14/12/2014 20:33:16] /closeserver
[14/12/2014 20:36:34] /m Magikarp
[14/12/2014 20:53:17] /goto the master kill
[14/12/2014 20:54:09] /mode 1
[14/12/2014 20:54:13] /mode 1
[14/12/2014 20:54:16] /mode 2
[14/12/2014 20:54:31] /mode 3
[14/12/2014 20:54:59] /b pessoal eu reiniciei o ot varias veses para arrumar um bug aki mais nao foi consertado
[14/12/2014 20:55:34] /b vou fazer mais 1 evento no ot
[14/12/2014 20:56:16] /r
[14/12/2014 20:56:21] /b evento corrida Aberto
[14/12/2014 20:56:31] /c limited
[14/12/2014 20:56:39] /r
[14/12/2014 20:56:40] /r
[14/12/2014 20:56:41] /r
[14/12/2014 20:57:01] /b evento corrida Aberto
[14/12/2014 20:57:01] /b evento corrida Aberto
[14/12/2014 20:57:02] /b evento corrida Aberto
[14/12/2014 20:57:49] /r
[14/12/2014 20:58:05] /r
[14/12/2014 20:58:21] /i 11474
[14/12/2014 20:58:43] /bc green a corrida vai começar em:
[14/12/2014 20:58:48] /bc green 5
[14/12/2014 20:58:50] /bc green 4
[14/12/2014 20:58:51] /bc green 3
[14/12/2014 20:58:53] /bc green 2
[14/12/2014 20:58:54] /bc green 1
[14/12/2014 20:58:55] /bc green 0
[14/12/2014 20:59:50] /i 2160
[14/12/2014 21:00:02] /i 12618
[14/12/2014 21:02:33] /bc green galera vou fexar o servidor so vai voltar amanha agora flows vou tem que dormi acorda 4:20 da maanha pra trampa =s
[14/12/2014 21:02:35] /bc green galera vou fexar o servidor so vai voltar amanha agora flows vou tem que dormi acorda 4:20 da maanha pra trampa =s
[14/12/2014 21:02:35] /bc green galera vou fexar o servidor so vai voltar amanha agora flows vou tem que dormi acorda 4:20 da maanha pra trampa =s
[14/12/2014 21:02:36] /bc green galera vou fexar o servidor so vai voltar amanha agora flows vou tem que dormi acorda 4:20 da maanha pra trampa =s
[14/12/2014 21:02:36] /bc green galera vou fexar o servidor so vai voltar amanha agora flows vou tem que dormi acorda 4:20 da maanha pra trampa =s
[14/12/2014 21:02:37] /bc green galera vou fexar o servidor so vai voltar amanha agora flows vou tem que dormi acorda 4:20 da maanha pra trampa =s
[14/12/2014 21:02:37] /bc green galera vou fexar o servidor so vai voltar amanha agora flows vou tem que dormi acorda 4:20 da maanha pra trampa =s
[14/12/2014 21:02:37] /bc green galera vou fexar o servidor so vai voltar amanha agora flows vou tem que dormi acorda 4:20 da maanha pra trampa =s
[14/12/2014 21:02:38] /bc green galera vou fexar o servidor so vai voltar amanha agora flows vou tem que dormi acorda 4:20 da maanha pra trampa =s
[14/12/2014 21:02:38] /bc green galera vou fexar o servidor so vai voltar amanha agora flows vou tem que dormi acorda 4:20 da maanha pra trampa =s
[14/12/2014 21:02:39] /bc green galera vou fexar o servidor so vai voltar amanha agora flows vou tem que dormi acorda 4:20 da maanha pra trampa =s
[14/12/2014 21:02:39] /bc green galera vou fexar o servidor so vai voltar amanha agora flows vou tem que dormi acorda 4:20 da maanha pra trampa =s
[14/12/2014 21:02:39] /bc green galera vou fexar o servidor so vai voltar amanha agora flows vou tem que dormi acorda 4:20 da maanha pra trampa =s
[14/12/2014 21:02:40] /bc green galera vou fexar o servidor so vai voltar amanha agora flows vou tem que dormi acorda 4:20 da maanha pra trampa =s
[14/12/2014 21:02:40] /bc green galera vou fexar o servidor so vai voltar amanha agora flows vou tem que dormi acorda 4:20 da maanha pra trampa =s
[14/12/2014 21:02:41] /bc green galera vou fexar o servidor so vai voltar amanha agora flows vou tem que dormi acorda 4:20 da maanha pra trampa =s
[14/12/2014 21:02:41] /bc green galera vou fexar o servidor so vai voltar amanha agora flows vou tem que dormi acorda 4:20 da maanha pra trampa =s
[14/12/2014 21:02:41] /bc green galera vou fexar o servidor so vai voltar amanha agora flows vou tem que dormi acorda 4:20 da maanha pra trampa =s
[14/12/2014 21:02:42] /bc green galera vou fexar o servidor so vai voltar amanha agora flows vou tem que dormi acorda 4:20 da maanha pra trampa =s
[14/12/2014 21:02:42] /bc green galera vou fexar o servidor so vai voltar amanha agora flows vou tem que dormi acorda 4:20 da maanha pra trampa =s
[14/12/2014 21:02:43] /bc green galera vou fexar o servidor so vai voltar amanha agora flows vou tem que dormi acorda 4:20 da maanha pra trampa =s
[14/12/2014 21:02:43] /bc green galera vou fexar o servidor so vai voltar amanha agora flows vou tem que dormi acorda 4:20 da maanha pra trampa =s
[14/12/2014 21:02:43] /bc green galera vou fexar o servidor so vai voltar amanha agora flows vou tem que dormi acorda 4:20 da maanha pra trampa =s
[14/12/2014 21:02:44] /bc green galera vou fexar o servidor so vai voltar amanha agora flows vou tem que dormi acorda 4:20 da maanha pra trampa =s
[14/12/2014 21:02:44] /bc green galera vou fexar o servidor so vai voltar amanha agora flows vou tem que dormi acorda 4:20 da maanha pra trampa =s
[14/12/2014 21:02:45] /bc green galera vou fexar o servidor so vai voltar amanha agora flows vou tem que dormi acorda 4:20 da maanha pra trampa =s
[14/12/2014 21:02:46] /bc green galera vou fexar o servidor so vai voltar amanha agora flows vou tem que dormi acorda 4:20 da maanha pra trampa =s
[14/12/2014 21:02:46] /bc green galera vou fexar o servidor so vai voltar amanha agora flows vou tem que dormi acorda 4:20 da maanha pra trampa =s
[11/01/2015 09:06:38] /openserver
[11/01/2015 09:06:42] /closeserver
[11/01/2015 09:06:48] /openserver
[11/01/2015 09:06:50] /ghost
[11/01/2015 09:07:57] /i 1998
[11/01/2015 09:08:01] /i 1998
[11/01/2015 09:08:02] /i 1998
[11/01/2015 09:27:13] /r
[11/01/2015 09:27:14] /r
[11/01/2015 09:27:16] /r
[11/01/2015 09:27:17] /r
[11/01/2015 09:27:18] /r
[11/01/2015 09:27:20] /r
[11/01/2015 09:27:20] /r
[11/01/2015 09:27:22] /r
[11/01/2015 09:39:01] /closeserver
[11/01/2015 09:39:33] /m Shiny Diglett
[11/01/2015 09:39:39] /attr health -1000
[11/01/2015 09:39:40] /attr health -10000
[11/01/2015 09:40:25] /m Shiny Geodude
[11/01/2015 09:40:28] /attr health -10000
[11/01/2015 09:40:44] /i 2393
[11/01/2015 09:40:48] /m Shiny Geodude
[11/01/2015 09:40:50] /attr health -10000
[11/01/2015 11:50:17] /m Shiny magikarp
[11/01/2015 11:50:23] /attr health -10000
[11/01/2015 11:50:39] /m Shiny magikarp,100
[11/01/2015 11:50:43] /attr health -10000
[11/01/2015 11:50:43] /attr health -10000
[11/01/2015 11:50:44] /attr health -10000
[11/01/2015 11:50:44] /attr health -10000
[11/01/2015 11:50:45] /attr health -10000
[11/01/2015 11:50:45] /attr health -10000
[11/01/2015 11:50:45] /attr health -10000
[11/01/2015 11:50:59] /m Shiny magikarp,100
[11/01/2015 11:51:06] /attr health -10000
[11/01/2015 11:51:06] /attr health -10000
[11/01/2015 11:51:07] /attr health -100000
[11/01/2015 11:52:54] /m Shiny Bulbasaur
[11/01/2015 11:52:59] /attr health -100000
[11/01/2015 11:53:12] /m Shiny Bulbasaur
[11/01/2015 11:53:14] /attr health -100000
[11/01/2015 11:53:25] /m Shiny Bulbasaur,1
[11/01/2015 11:53:28] /attr health -100000
[11/01/2015 11:56:42] /m Shiny Magikarp,100
[11/01/2015 11:56:48] /attr health -100000
[11/01/2015 11:57:15] /reload actions
[11/01/2015 11:57:17] /m Shiny Magikarp,100
[11/01/2015 11:57:18] /reload actions
[11/01/2015 11:57:21] /attr health -100000
[11/01/2015 11:57:33] /m Shiny Magikarp,1
[11/01/2015 11:57:35] /attr health -100000
[11/01/2015 11:57:57] /town 1
[11/01/2015 11:58:02] /i 13258
[11/01/2015 11:58:06] /a 30
[11/01/2015 11:58:08] /a 20
[11/01/2015 11:58:09] /a 50
[11/01/2015 11:58:13] /m Shiny Magikarp
[11/01/2015 11:58:18] /attr health -100000
[11/01/2015 11:58:47] /i 12971
[11/01/2015 11:58:50] /m Shiny Magikarp
[11/01/2015 11:58:53] /attr health -100000
[11/01/2015 11:59:12] /reload actions
[11/01/2015 11:59:14] /attr health -100000
[11/01/2015 11:59:16] /m Shiny Magikarp
[11/01/2015 11:59:17] /attr health -100000
[11/01/2015 11:59:33] /m Shiny Magikarp,100
[11/01/2015 11:59:35] /attr health -100000
[11/01/2015 12:01:25] /m Shiny Chikorita,100
[11/01/2015 12:01:27] /attr health -100000
[11/01/2015 12:01:41] /reload actions
[11/01/2015 12:01:43] /m Shiny Chikorita,100
[11/01/2015 12:01:45] /attr health -100000
[11/01/2015 12:05:02] /reload actions
[11/01/2015 12:05:10] /m Shiny Abra,100
[11/01/2015 12:05:13] /attr health -100000
[11/01/2015 12:05:21] /m Shiny Abra
[11/01/2015 12:05:23] /attr health -100000
[11/01/2015 12:05:39] /goto ewander
[11/01/2015 12:05:48] /goto robb stark
[11/01/2015 12:05:55] /goto arcanic lite
[11/01/2015 12:06:11] /goto xerton
[11/01/2015 12:06:17] /goto innova
[16/01/2015 16:03:23] /m Magikarp
[16/01/2015 16:03:49] /i rare candy
[16/01/2015 16:19:41] /reload actions
[16/01/2015 16:19:45] /m Magikarp
[16/01/2015 16:20:12] /i defeated Magikarp
[16/01/2015 16:20:23] /m Magikarp
[16/01/2015 16:22:54] /reload actions
[16/01/2015 16:23:11] /reload actions
[16/01/2015 16:23:13] /m Magikarp
[16/01/2015 16:23:43] /m Dugtrio
[16/01/2015 16:23:55] /attr health -2000
[16/01/2015 16:23:57] /attr health -2000
[16/01/2015 16:23:57] /attr health -2000
[16/01/2015 16:23:57] /attr health -2000
[16/01/2015 16:23:58] /attr health -2000
[16/01/2015 16:23:58] /attr health -2000
[16/01/2015 16:23:59] /attr health -2000
[16/01/2015 16:24:01] /attr health -2000
[16/01/2015 16:25:19] /reload actions
[16/01/2015 16:25:25] /m Dugtrio
[16/01/2015 16:25:30] /attr health -5000
[16/01/2015 16:25:33] /attr health -5000
[16/01/2015 16:25:35] /attr health -3000
[16/01/2015 16:28:46] /reload actions
[16/01/2015 16:28:49] /m Dugtrio
[16/01/2015 16:28:55] /attr health -200
[16/01/2015 16:28:56] /attr health -2000
[16/01/2015 16:28:57] /attr health -2000
[16/01/2015 16:28:57] /attr health -2000
[16/01/2015 16:28:57] /attr health -2000
[16/01/2015 16:28:58] /attr health -2000
[16/01/2015 16:28:58] /attr health -2000
[16/01/2015 16:28:59] /attr health -2000
[16/01/2015 16:29:02] /attr health -2000
[16/01/2015 16:29:09] /attr health -2000
[16/01/2015 16:32:13] /m Magikarp
[16/01/2015 16:32:54] /i diamond
[16/01/2015 16:33:05] /i Diamond
[16/01/2015 16:33:10] /i Diamante
[16/01/2015 16:33:14] /i Diamond
[16/01/2015 16:33:18] /i Diamante
[16/01/2015 16:34:08] /i 2145
[16/01/2015 16:34:30] /m Dugtrio
[16/01/2015 16:34:39] /attr health -30000
[16/01/2015 16:35:17] /reload actions
[16/01/2015 16:35:20] /m Dugtrio
[16/01/2015 16:35:29] /attr health -20000
[16/01/2015 16:35:48] /m Snorlax
[16/01/2015 16:35:51] /attr health -200000
[16/01/2015 16:36:26] /m Machamp
[16/01/2015 16:36:28] /attr health -200000
[16/01/2015 16:37:14] /m Dugtrio
[16/01/2015 16:37:19] /attr health -200000
[16/01/2015 16:37:36] /m Machamp
[16/01/2015 16:37:38] /attr health -200000
[16/01/2015 16:39:18] /reload actions
[16/01/2015 16:39:33] /m  Snorlax
[16/01/2015 16:39:37] /attr health -200000
[16/01/2015 16:41:27] /reload actions
[16/01/2015 16:41:32] /m Snorlax,50
[16/01/2015 16:41:40] /attr health -50000
[16/01/2015 16:42:09] /i 2391
[16/01/2015 16:42:12] /m Snorlax,50
[16/01/2015 16:42:14] /attr health -50000
[16/01/2015 16:42:36] /i 2393
[16/01/2015 16:42:38] /attr health -50000
[16/01/2015 16:42:41] /m Snorlax,50
[16/01/2015 16:42:49] /reload actions
[16/01/2015 16:42:52] /attr health -50000
[16/01/2015 16:43:29] /i 2392
[16/01/2015 16:43:36] /m Snorlax
[16/01/2015 16:43:38] /attr health -50000
[16/01/2015 16:44:19] /i 12971
[16/01/2015 16:44:24] /m Snorlax
[16/01/2015 16:44:26] /attr health -50000
[16/01/2015 16:44:28] /attr health -50000
[16/01/2015 16:45:11] /reload actions
[16/01/2015 16:45:19] /m Magikarp,100
[16/01/2015 16:45:21] /attr health -50000
[16/01/2015 16:46:51] /reload actions
[16/01/2015 16:46:54] /m Magikarp,100
[16/01/2015 16:46:56] /attr health -50000
[16/01/2015 16:47:18] /reload actions
[16/01/2015 16:47:38] /m Magikarp,50
[16/01/2015 16:47:40] /attr health -50000
[16/01/2015 16:47:52] /ghost
[16/01/2015 16:47:56] /m Magikarp,50
[16/01/2015 16:48:00] /attr health -50000
[16/01/2015 16:48:37] /m Magikarp,50
[16/01/2015 16:48:44] /attr health -50000
[16/01/2015 16:49:38] /m Magikarp,50
[16/01/2015 16:49:40] /attr health -50000
[16/01/2015 16:50:12] /reload actions
[16/01/2015 16:50:14] /m Magikarp,50
[16/01/2015 16:50:16] /attr health -50000
[16/01/2015 16:50:29] /reload actions
[16/01/2015 16:50:31] /m Magikarp,50
[16/01/2015 16:50:33] /attr health -50000
[16/01/2015 16:51:12] /m Golem
[16/01/2015 16:51:15] /attr health -50000
[16/01/2015 16:51:28] /m Geodude
[16/01/2015 16:51:34] /attr health -50000
[16/01/2015 16:51:52] /reload actions
[16/01/2015 16:51:55] /m Geodude
[16/01/2015 16:51:57] /attr health -50000
[16/01/2015 16:52:19] /m Geodude
[16/01/2015 16:52:21] /attr health -50000
[16/01/2015 16:52:45] /m Geodude,50
[16/01/2015 16:52:47] /attr health -50000
[16/01/2015 16:53:36] /m Geodude,50
[16/01/2015 16:53:40] /attr health -50000
[16/01/2015 16:53:49] /m Geodude,50
[16/01/2015 16:53:51] /attr health -50000
[16/01/2015 16:54:08] /m Geodude,100
[16/01/2015 16:54:10] /attr health -50000
[16/01/2015 16:54:40] /reload actions
[16/01/2015 16:54:44] /m Geodude,50
[16/01/2015 16:54:47] /attr health -50000
[16/01/2015 16:54:59] /m Geodude
[16/01/2015 16:55:01] /attr health -50000
[16/01/2015 16:58:27] /reload actions
[16/01/2015 16:58:31] /m Geodude,50
[16/01/2015 16:58:33] /attr health -50000
[16/01/2015 16:58:45] /m Geodude,60
[16/01/2015 16:58:47] /attr health -50000
[16/01/2015 16:58:56] /m Geodude
[16/01/2015 16:58:58] /attr health -50000
[18/01/2015 00:26:57] /m Magikarp
[18/01/2015 00:28:50] /m Magikarp
[18/01/2015 00:31:06] /m Magikarp
[18/01/2015 00:31:19] /m Magikarp
[18/01/2015 00:32:03] /m Magikarp
[18/01/2015 00:32:33] /m Magikarp
[18/01/2015 00:33:05] /m Magikarp
[18/01/2015 00:33:43] /m Magikarp
[18/01/2015 00:35:11] /m Magikar
[18/01/2015 00:35:13] /m Magikarp
[18/01/2015 00:36:23] /m Magikarp
[18/01/2015 00:37:00] /m Magikarp
[18/01/2015 00:37:09] /m Magikarp
[18/01/2015 00:37:14] /reload actions
[18/01/2015 00:37:51] /m Magikarp
[18/01/2015 00:38:43] /m Magikarp
[18/01/2015 00:39:56] /reload actions
[18/01/2015 00:39:58] /m Magikarp
[18/01/2015 00:41:14] /m Magikarp
[18/01/2015 00:42:21] /m Magikarp
[18/01/2015 00:42:58] /m Magikarp
[18/01/2015 00:44:53] /reload actions
[18/01/2015 00:44:59] /m Magikarp
[18/01/2015 00:45:20] /reload actions
[18/01/2015 00:45:21] /m Magikarp
[18/01/2015 00:45:52] /m Magikarp
[18/01/2015 00:46:02] /m Magikarp
[18/01/2015 00:46:26] /m Magikarp,10
[18/01/2015 00:48:08] /m Magikarp
[18/01/2015 00:48:40] /m Magikarp,15
[18/01/2015 00:48:49] /attr health -3000
[18/01/2015 00:48:51] /attr health -30000
[18/01/2015 00:49:08] /m Magikarp,15
[18/01/2015 00:49:11] /attr health -30000
[18/01/2015 00:49:21] /attr health -30000
[18/01/2015 00:49:23] /m Magikarp,15
[18/01/2015 00:49:25] /attr health -30000
[18/01/2015 00:50:07] /m Magikarp
[18/01/2015 00:50:36] /m Magikarp
[18/01/2015 00:50:50] /m Magikarp,30
[18/01/2015 00:50:56] /attr health -300000
[18/01/2015 00:51:22] /m Magikarp,100
[18/01/2015 00:51:25] /attr health -300000
[18/01/2015 00:51:47] /m Magikarp,100
[18/01/2015 00:51:50] /attr health -300000
[18/01/2015 00:52:52] /m Magikarp,100
[18/01/2015 00:52:55] /attr health -300000
[18/01/2015 00:53:13] /m Magikarp,100
[18/01/2015 00:53:14] /attr health -300000
[18/01/2015 00:54:39] /m Magikarp,100
[18/01/2015 00:54:42] /attr health -300000
[18/01/2015 00:54:51] /m Magikarp,1
[18/01/2015 00:54:54] /attr health -300000
[18/01/2015 00:55:12] /m Magikarp,1
[18/01/2015 00:55:14] /attr health -300000
[18/01/2015 00:55:38] /m Magikarp,1
[18/01/2015 00:55:40] /attr health -300000
[18/01/2015 00:56:04] /m Magikarp,100
[18/01/2015 00:56:06] /attr health -300000
[18/01/2015 00:57:28] /m Magikarp,100
[18/01/2015 00:57:29] /attr health -300000
[18/01/2015 00:58:22] /m Magikarp,100
[18/01/2015 00:58:23] /attr health -300000
[18/01/2015 00:59:06] /m Magikarp,10
[18/01/2015 00:59:08] /attr health -300000
[18/01/2015 00:59:16] /m Magikarp,10
[18/01/2015 00:59:18] /attr health -300000
[18/01/2015 00:59:35] /m Magikarp,10
[18/01/2015 00:59:37] /attr health -300000
[18/01/2015 00:59:55] /m Magikarp,10
[18/01/2015 00:59:57] /attr health -300000
[18/01/2015 01:00:02] /i 2391
[18/01/2015 01:03:10] /m Magikarp,10
[18/01/2015 01:03:15] /attr health -300000
[18/01/2015 01:04:56] /m Magikarp
[18/01/2015 01:04:58] /attr health -300000
[18/01/2015 01:05:08] /m Magikarp
[18/01/2015 01:05:13] /attr health -300000
[18/01/2015 01:05:48] /m Magikarp
[18/01/2015 01:05:52] /attr health -300000
[18/01/2015 01:05:59] /m Magikarp
[18/01/2015 01:06:00] /m Magikarp
[18/01/2015 01:06:00] /m Magikarp
[18/01/2015 01:06:01] /m Magikarp
[18/01/2015 01:06:03] /attr health -300000
[18/01/2015 01:06:03] /attr health -300000
[18/01/2015 01:06:04] /attr health -300000
[18/01/2015 01:06:05] /attr health -300000
[18/01/2015 01:06:29] /m Magikarp
[18/01/2015 01:06:29] /m Magikarp
[18/01/2015 01:06:30] /m Magikarp
[18/01/2015 01:06:30] /m Magikarp
[18/01/2015 01:06:31] /m Magikarp
[18/01/2015 01:06:32] /attr health -300000
[18/01/2015 01:06:34] /attr health -300000
[18/01/2015 01:06:35] /attr health -300000
[18/01/2015 01:06:36] /attr health -300000
[18/01/2015 01:06:37] /attr health -300000
[18/01/2015 01:07:04] /m Magikarp
[18/01/2015 01:07:04] /m Magikarp
[18/01/2015 01:07:05] /m Magikarp
[18/01/2015 01:07:05] /m Magikarp
[18/01/2015 01:07:05] /m Magikarp
[18/01/2015 01:07:08] /attr health -300000
[18/01/2015 01:07:09] /attr health -300000
[18/01/2015 01:07:10] /attr health -300000
[18/01/2015 01:07:11] /attr health -300000
[18/01/2015 01:07:12] /attr health -300000
[18/01/2015 01:07:46] /m Magikarp
[18/01/2015 01:07:47] /m Magikarp
[18/01/2015 01:07:47] /m Magikarp
[18/01/2015 01:07:47] /m Magikarp
[18/01/2015 01:07:48] /m Magikarp
[18/01/2015 01:07:48] /m Magikarp
[18/01/2015 01:07:49] /m Magikarp
[18/01/2015 01:07:49] /m Magikarp
[18/01/2015 01:07:51] /attr health -300000
[18/01/2015 01:07:52] /attr health -300000
[18/01/2015 01:07:53] /attr health -300000
[18/01/2015 01:07:55] /attr health -300000
[18/01/2015 01:07:57] /attr health -300000
[18/01/2015 01:07:58] /attr health -300000
[18/01/2015 01:07:59] /attr health -300000
[18/01/2015 01:08:00] /attr health -300000
[18/01/2015 01:08:16] /i 2394
[18/01/2015 01:10:48] /m Magikarp
[18/01/2015 01:10:50] /attr health -300000
[18/01/2015 01:12:32] /m Magikarp
[18/01/2015 01:12:37] /attr health -300000
[18/01/2015 01:14:14] /m Magikarp
[18/01/2015 01:14:19] /attr health -300000
[18/01/2015 01:14:21] /attr health -300000
[18/01/2015 01:14:41] /m Magikarp
[18/01/2015 01:14:42] /m Magikarp
[18/01/2015 01:14:42] /m Magikarp
[18/01/2015 01:14:43] /m Magikarp
[18/01/2015 01:14:43] /m Magikarp
[18/01/2015 01:14:43] /m Magikarp
[18/01/2015 01:14:44] /m Magikarp
[18/01/2015 01:14:50] /attr health -300000
[18/01/2015 01:14:50] /attr health -300000
[18/01/2015 01:14:51] /attr health -300000
[18/01/2015 01:14:53] /attr health -300000
[18/01/2015 01:14:54] /attr health -300000
[18/01/2015 01:14:56] /attr health -300000
[18/01/2015 01:14:57] /attr health -300000
[18/01/2015 01:15:27] /m Magikarp
[18/01/2015 01:15:27] /m Magikarp
[18/01/2015 01:15:28] /m Magikarp
[18/01/2015 01:15:29] /attr health -300000
[18/01/2015 01:15:36] /attr health -300000
[18/01/2015 01:15:39] /attr health -300000
[18/01/2015 01:15:52] /m Magikarp
[18/01/2015 01:15:52] /m Magikarp
[18/01/2015 01:15:53] /m Magikarp
[18/01/2015 01:15:56] /attr health -300000
[18/01/2015 01:15:57] /attr health -300000
[18/01/2015 01:15:59] /attr health -300000
[18/01/2015 01:17:04] /m Magikarp
[18/01/2015 01:17:06] /attr health -300000
[18/01/2015 10:25:23] /m Magikarp
[18/01/2015 10:25:36] /m Magikarp
[18/01/2015 10:28:09] /reload config
[18/01/2015 10:28:11] /m Magikarp
[18/01/2015 10:33:11] /reload actions
[18/01/2015 10:33:14] /reload mods
[18/01/2015 10:33:21] /m Magikarp
[18/01/2015 10:35:59] /reload actions
[18/01/2015 10:36:01] /m Magikarp
[18/01/2015 10:38:34] /attr health -500
[18/01/2015 10:38:38] /m Magikarp
[18/01/2015 10:39:46] /reload actions
[18/01/2015 10:39:49] /m Magikarp
[18/01/2015 10:40:12] /m Shiny Magikarp,1
[18/01/2015 10:48:19] /reload actions
[18/01/2015 10:48:26] /m Shiny Rattata
[18/01/2015 10:48:51] /m Shiny Rattata
[18/01/2015 10:49:21] /m Shiny Rattata
[18/01/2015 10:49:28] /attr health -80000
[18/01/2015 11:05:48] /reload actions
[18/01/2015 11:05:51] /m Magikarp
[18/01/2015 11:06:55] /reload actions
[18/01/2015 11:06:59] /m Magikarp
[18/01/2015 11:07:57] /reload actions
[18/01/2015 11:07:58] /m Magikarp
[18/01/2015 11:08:53] /reload actions
[18/01/2015 11:08:55] /m Magikarp
[18/01/2015 11:09:14] /m Magikarp
[18/01/2015 11:09:16] /reload actions
[18/01/2015 11:11:06] /reload actions
[18/01/2015 11:11:08] /m Magikarp
[18/01/2015 11:12:18] /reload actions
[18/01/2015 11:12:20] /m Magikarp
[18/01/2015 11:12:57] /reload actions
[18/01/2015 11:13:00] /m Magikarp
[18/01/2015 11:35:21] !tuto
[18/01/2015 11:42:09] !vip
[18/01/2015 11:42:38] !free
[18/01/2015 11:43:38] /reload talk
[18/01/2015 11:43:55] /reload talk
[18/01/2015 11:44:11] /reload talk
[18/01/2015 11:44:29] /reload talk
[18/01/2015 11:44:41] /reload talk
[18/01/2015 11:44:54] /reload talk
[18/01/2015 11:45:34] /reload talk
[18/01/2015 11:46:22] !tuto
[18/01/2015 11:46:30] !tuto
[18/01/2015 11:54:21] /reload talk
[18/01/2015 11:57:09] /reload talk
[18/01/2015 11:57:15] !tuto
[18/01/2015 11:57:50] /reload talk
[18/01/2015 11:57:54] !status
[18/01/2015 11:59:56] /reload talk
[18/01/2015 11:59:58] /status
[18/01/2015 12:00:03] /serverinfo
[18/01/2015 12:00:55] /reload talk
[18/01/2015 12:02:51] /reload talk
[18/01/2015 12:02:53] /free
[18/01/2015 12:05:16] /reload talk
[18/01/2015 12:05:18] /free
[18/01/2015 12:07:16] /reload npc
[18/01/2015 12:09:41] /reload talk
[18/01/2015 12:12:54] /reload talk
[18/01/2015 12:15:16] /reload talk
[18/01/2015 12:15:33] /reload talk
[18/01/2015 12:15:56] /reload talk
[18/01/2015 12:16:23] /reload talk
[18/01/2015 12:17:18] /reload talk
[18/01/2015 12:18:49] /reload talk
[18/01/2015 12:18:51] /info
[18/01/2015 12:19:51] /reload talk
[18/01/2015 12:19:53] /info
[18/01/2015 12:20:18] /reload talk
[18/01/2015 12:20:19] /info
[18/01/2015 12:27:33] /m Magikarp
[18/01/2015 12:41:39] /m Magikarp
[18/01/2015 12:42:04] /m Magikarp
[18/01/2015 12:42:13] !serverinfo
[18/01/2015 12:43:47] /m Magikarp
[18/01/2015 12:43:52] /m Magikarp
[18/01/2015 12:43:52] /m Magikarp
[18/01/2015 12:50:27] /m Magikarp
[18/01/2015 12:50:35] /m Magikarp
[18/01/2015 13:26:36] /m Magikarp
[18/01/2015 13:26:44] /m Magikarp
[18/01/2015 13:26:45] /m Magikarp
[18/01/2015 13:27:05] /m Magikarp
[18/01/2015 16:32:06] /ghost
[18/01/2015 16:35:06] /closeserver
[18/01/2015 19:10:02] /closeserver
[18/01/2015 19:11:01] /reload actions
[18/01/2015 19:11:06] /m Magikarp
[18/01/2015 19:11:29] /m Magikarp
[18/01/2015 19:11:53] /m Magikarp
[18/01/2015 19:12:01] /m Magikarp
[18/01/2015 19:12:11] /m Magikarp
[18/01/2015 19:12:12] /m Magikarp
[18/01/2015 19:12:29] /m Magikarp,1
[18/01/2015 19:12:37] /m Magikarp,1
[18/01/2015 19:12:38] /m Magikarp,1
[18/01/2015 19:13:28] /m Magikarp
[18/01/2015 19:15:34] /m Magikarp
[18/01/2015 19:15:47] /m Magikarp,1
[18/01/2015 19:16:01] /m Magikarp,1
[18/01/2015 19:28:39] /reload actions
[18/01/2015 19:28:41] /m Magikaro
[18/01/2015 19:28:44] /m Magikarp
[18/01/2015 19:30:14] /m Magikarp,1
[18/01/2015 19:31:03] /openserver
[18/01/2015 19:31:44] /m Magikarp,1
[18/01/2015 19:32:01] /closeserver
[18/01/2015 19:47:08] /reload talk
[18/01/2015 19:47:10] /closeserver
[18/01/2015 19:47:18] /info
[18/01/2015 19:47:45] /info
[18/01/2015 19:48:33] /reload talk
[18/01/2015 19:48:34] /info
[18/01/2015 19:49:40] /closeserver
[18/01/2015 19:49:43] /openserver
[18/01/2015 19:50:09] /closeserver
[18/01/2015 19:57:08] /m Magikarp
[18/01/2015 19:57:28] /m Magikarp,1
[18/01/2015 19:57:38] /m Magikarp,1
[18/01/2015 20:22:44] /town 1
[18/01/2015 20:22:52] /goto innova
[18/01/2015 20:23:06] /goto Theluckvqv
[18/01/2015 20:23:21] /goto innova
[18/01/2015 20:24:04] /goto xing
[18/01/2015 20:29:17] /goto Daichi
[18/01/2015 20:58:23] /i 13258
[18/01/2015 20:58:31] /m Magikarp,100
[18/01/2015 20:58:39] /attr health -10000
[18/01/2015 20:58:42] /attr health -10000
[18/01/2015 20:58:43] /attr health -10000
[18/01/2015 20:58:43] /attr health -10000
[18/01/2015 20:58:43] /attr health -10000
[18/01/2015 20:58:44] /attr health -10000
[18/01/2015 20:58:57] /m Magikarp,10
[18/01/2015 20:59:00] /attr health -10000
[19/01/2015 16:36:26] /i 4820
[19/01/2015 16:36:34] /i 11672
[20/01/2015 16:47:01] /town 1
[20/01/2015 17:21:15] /goto Nih Shavershian
[20/01/2015 17:22:08] /goto Nih Shavershian
[20/01/2015 17:25:11] /goto Nih Shavershian
[20/01/2015 17:33:35] /goto Nih Shavershian
[20/01/2015 18:52:44] /goto voltorb
[20/01/2015 18:53:28] /goto sandslash
[20/01/2015 18:56:14] /i 9074
[20/01/2015 18:56:24] /i Present Box
[20/01/2015 19:01:55] !clan
[20/01/2015 19:05:35] /reload talk
[20/01/2015 19:05:54] /goto Nih Shavershian
[20/01/2015 19:06:17] /a 10
[20/01/2015 19:11:54] /town 1
[20/01/2015 19:24:14] /goto Nih Shavershian
[20/01/2015 19:24:30] /goto Tenshi 
[20/01/2015 19:24:39] /goto xand
[20/01/2015 19:25:35] /bc green [Admin] : Fazendo + 20 Novas Hunts no Teleport 1 Geraçao
[20/01/2015 20:31:25] /bc green [Admin] : Servidor Vai Ser Reiniciado Para Adicionar + 20 Hunts no Teleport 1 jaja o Servidor Volta
[20/01/2015 20:31:34] /bc green [Admin] : Servidor Vai Ser Reiniciado Para Adicionar + 20 Hunts no Teleport 1 jaja o Servidor Volta
[20/01/2015 20:31:42] /save
[20/01/2015 20:33:01] /cliport
[20/01/2015 20:33:05] /cliport
[20/01/2015 20:33:20] /openserver
[20/01/2015 20:33:35] /town 1
[20/01/2015 20:33:37] /closeserver
[20/01/2015 20:33:53] /town 1
[20/01/2015 20:56:59] /bc green [Admin] :Duvidas Help
[20/01/2015 21:03:57] /m Magikarp,1
[20/01/2015 21:04:48] /bc [Admin] : Galera para quem nao itendeu o Catch System  Por Skill  Quanto Maior o Skill "Catching" Maior o Bunus de Catch  : Catch Rate: [Ball: 20 + Bonus: 25]  Somando = 45 de Rate
[20/01/2015 21:04:55] /bc green [Admin] : Galera para quem nao itendeu o Catch System  Por Skill  Quanto Maior o Skill "Catching" Maior o Bunus de Catch  : Catch Rate: [Ball: 20 + Bonus: 25]  Somando = 45 de Rate
[20/01/2015 21:07:51] /bc green [Admin] : Catch Channel Ativado - 21:06 [Catch Channel] O Jogador [Amandinha] Capturou um Magikarp [2]!.
[20/01/2015 21:08:15] /m Magikarp,1
[20/01/2015 21:51:06] /m Magikarp,1
[22/01/2015 19:48:30] /ghost
[22/01/2015 19:48:44] /goto Oddish
[22/01/2015 19:48:52] /ghost
[22/01/2015 19:50:31] /goto Nih Shavershian
[22/01/2015 21:06:26] /town 1
[22/01/2015 21:09:04] /i 2160
[22/01/2015 21:29:17] /b Galera Vou Fexar o Servidor e so volta a ficar online Amanha ! O Servidor esta em Faze de Tests Ainda!
[22/01/2015 21:29:52] /b Galera Vou Fexar o Servidor e so volta a ficar online Amanha ! O Servidor esta em Faze de Tests Ainda!
[22/01/2015 21:32:34] /b Nao temos Vagas Ainda na Equipe so Vai ter vaga na Equipe Pela Quando estiver uma Demanda diaria Media de Jogadores Online no Server caso ao contrario nao a necessidade de Abrir vaga
[22/01/2015 21:37:30] /b oque acharam do Catch channel e uma ivençao minha kkk ate agora eu nao vi em nenhum ot '-'
[22/01/2015 21:40:14] /shutdown 5
[22/01/2015 21:40:26] /bc green Servidor vai ser fexado em 5 Mins
[22/01/2015 21:42:33] /bc green Bonus Level é umas de minhas Atualizaçoes mais importantes do OT isso muda o Comercio no trade um exemplo Pokemon level base capturado: 5 / Level do Pokemon: 300 / Bonus level: 295 (Voce upou 295 leveis no seu pokemon) <,
[22/01/2015 21:44:24] /bc green se desse eu deixaria mais tempo online e que eu trabalho muito cedo acordo as 04:20 da manha pra trampa =s
