[29/09/2014 19:00:38] /b coloquei Site '-'
[29/09/2014 19:03:24] /bc green estou arrumando o site o cara vem pedir vaga é ban ip --'
[29/09/2014 19:04:49] /b Alguem tenta acessar ae  http://pobr.ddns.net/
[29/09/2014 20:16:09] /bc green Site em Test: http://pobr.ddns.net/
[29/09/2014 20:23:50] /squelch 
[30/09/2014 10:02:54] /squelch 
[30/09/2014 10:10:32] /closeserver
[30/09/2014 10:10:54] /openserver
[30/09/2014 10:11:37] /b testando o novo executador =)
[30/09/2014 10:19:28] /b vou trocar de site
[30/09/2014 12:06:43] /reload mods
[30/09/2014 12:06:47] /reload globalevents
[30/09/2014 12:07:16] /reload globalevents
[30/09/2014 12:07:18] /reload mods
[30/09/2014 12:09:59] /cliport
[30/09/2014 12:10:02] /closeserver
[30/09/2014 12:10:45] /goto 1157,994,7
[30/09/2014 12:12:09] /reload mods
[30/09/2014 12:12:12] /reload globalevents
[30/09/2014 12:18:32] /closeserver
[30/09/2014 12:55:07] /r
[30/09/2014 12:55:08] /r
[30/09/2014 12:55:09] /r
[30/09/2014 12:55:09] /r
[30/09/2014 12:55:10] /r
[30/09/2014 12:55:10] /r
[30/09/2014 12:55:12] /r
[30/09/2014 12:55:12] /r
[30/09/2014 12:55:13] /r
[30/09/2014 12:55:14] /r
[30/09/2014 12:55:14] /r
[30/09/2014 12:55:15] /r
[30/09/2014 12:55:15] /r
[30/09/2014 12:55:15] /r
[30/09/2014 12:55:16] /r
[30/09/2014 12:55:16] /r
[30/09/2014 12:55:16] /r
[30/09/2014 12:55:17] /r
[30/09/2014 12:55:17] /r
[30/09/2014 12:55:17] /r
[30/09/2014 12:55:17] /r
[30/09/2014 12:55:17] /r
[30/09/2014 12:55:17] /r
[30/09/2014 12:55:18] /r
[30/09/2014 12:55:18] /r
[30/09/2014 12:55:18] /r
[30/09/2014 12:55:18] /r
[30/09/2014 12:55:19] /r
[30/09/2014 12:55:19] /r
[30/09/2014 12:55:19] /r
[30/09/2014 12:55:19] /r
[30/09/2014 12:55:19] /r
[30/09/2014 12:55:19] /r
[30/09/2014 12:55:19] /r
[30/09/2014 12:55:19] /r
[30/09/2014 12:55:19] /r
[30/09/2014 12:55:19] /r
[30/09/2014 12:55:19] /r
[30/09/2014 12:55:19] /r
[30/09/2014 12:55:19] /r
[30/09/2014 12:55:19] /r
[30/09/2014 12:55:19] /r
[30/09/2014 12:55:20] /r
[30/09/2014 12:55:21] /r
[30/09/2014 12:55:21] /r
[30/09/2014 12:55:22] /r
[30/09/2014 12:55:23] /r
[30/09/2014 12:55:23] /r
[30/09/2014 12:55:24] /r
[30/09/2014 12:55:24] /r
[30/09/2014 12:55:26] /r
[30/09/2014 12:55:26] /r
[30/09/2014 12:57:34] /r
[30/09/2014 12:57:35] /r
[30/09/2014 12:57:35] /r
[30/09/2014 12:57:36] /r
[30/09/2014 12:57:36] /r
[30/09/2014 12:57:36] /r
[30/09/2014 12:57:36] /r
[30/09/2014 12:57:36] /r
[30/09/2014 12:57:36] /r
[30/09/2014 12:57:36] /r
[30/09/2014 12:57:36] /r
[30/09/2014 12:57:36] /r
[30/09/2014 12:57:36] /r
[30/09/2014 12:57:36] /r
[30/09/2014 12:57:36] /r
[30/09/2014 12:57:36] /r
[30/09/2014 12:57:36] /r
[30/09/2014 12:57:36] /r
[30/09/2014 12:57:36] /r
[30/09/2014 12:57:36] /r
[30/09/2014 12:57:36] /r
[30/09/2014 12:57:36] /r
[30/09/2014 12:57:36] /r
[30/09/2014 12:57:36] /r
[30/09/2014 12:57:36] /r
[30/09/2014 12:57:37] /r
[30/09/2014 12:57:37] /r
[30/09/2014 12:57:37] /r
[30/09/2014 12:57:37] /r
[30/09/2014 12:57:37] /r
[30/09/2014 12:57:37] /r
[30/09/2014 12:57:37] /r
[30/09/2014 12:57:37] /r
[30/09/2014 12:57:37] /r
[30/09/2014 12:57:37] /r
[30/09/2014 12:57:37] /r
[30/09/2014 12:57:37] /r
[30/09/2014 12:57:37] /r
[30/09/2014 12:57:37] /r
[30/09/2014 12:57:37] /r
[30/09/2014 12:57:37] /r
[30/09/2014 12:57:37] /r
[30/09/2014 12:57:37] /r
[30/09/2014 12:57:37] /r
[30/09/2014 12:57:37] /r
[30/09/2014 12:57:37] /r
[30/09/2014 12:57:37] /r
[30/09/2014 12:57:38] /r
[30/09/2014 12:57:38] /r
[30/09/2014 12:57:38] /r
[30/09/2014 12:57:38] /r
[30/09/2014 12:57:38] /r
[30/09/2014 12:57:38] /r
[30/09/2014 12:57:38] /r
[30/09/2014 12:57:38] /r
[30/09/2014 12:57:38] /r
[30/09/2014 12:57:38] /r
[30/09/2014 12:57:38] /r
[30/09/2014 12:57:38] /r
[30/09/2014 12:57:38] /r
[30/09/2014 12:57:38] /r
[30/09/2014 12:57:38] /r
[30/09/2014 12:57:38] /r
[30/09/2014 12:57:38] /r
[30/09/2014 12:57:38] /r
[30/09/2014 12:57:38] /r
[30/09/2014 12:57:38] /r
[30/09/2014 12:57:39] /r
[30/09/2014 12:57:40] /r
[30/09/2014 12:57:41] /r
[30/09/2014 12:57:41] /r
[30/09/2014 12:57:42] /r
[30/09/2014 12:57:42] /r
[30/09/2014 12:57:43] /r
[30/09/2014 12:57:43] /r
[30/09/2014 12:57:44] /r
[30/09/2014 12:57:44] /r
[30/09/2014 12:57:46] /r
[30/09/2014 12:57:46] /r
[30/09/2014 12:57:47] /r
[30/09/2014 12:57:48] /r
[30/09/2014 12:57:48] /r
[30/09/2014 12:57:49] /r
[30/09/2014 12:57:49] /r
[30/09/2014 12:57:50] /r
[30/09/2014 12:57:51] /r
[30/09/2014 12:57:52] /r
[30/09/2014 12:59:14] /r
[30/09/2014 12:59:14] /r
[30/09/2014 12:59:15] /r
[30/09/2014 12:59:15] /r
[30/09/2014 12:59:16] /r
[30/09/2014 12:59:17] /r
[30/09/2014 12:59:17] /r
[30/09/2014 12:59:18] /r
[30/09/2014 12:59:19] /r
[30/09/2014 12:59:19] /r
[30/09/2014 12:59:20] /r
[30/09/2014 12:59:20] /r
[30/09/2014 12:59:21] /r
[30/09/2014 12:59:22] /r
[30/09/2014 12:59:22] /r
[30/09/2014 12:59:22] /r
[30/09/2014 12:59:22] /r
[30/09/2014 12:59:22] /r
[30/09/2014 12:59:22] /r
[30/09/2014 12:59:22] /r
[30/09/2014 12:59:22] /r
[30/09/2014 12:59:23] /r
[30/09/2014 12:59:23] /r
[30/09/2014 12:59:23] /r
[30/09/2014 12:59:23] /r
[30/09/2014 12:59:23] /r
[30/09/2014 12:59:23] /r
[30/09/2014 12:59:23] /r
[30/09/2014 12:59:23] /r
[30/09/2014 12:59:23] /r
[30/09/2014 12:59:23] /r
[30/09/2014 12:59:23] /r
[30/09/2014 12:59:23] /r
[30/09/2014 12:59:23] /r
[30/09/2014 12:59:24] /r
[30/09/2014 12:59:24] /r
[30/09/2014 12:59:25] /r
[30/09/2014 13:04:35] /r
[30/09/2014 13:04:36] /r
[30/09/2014 13:04:37] /r
[30/09/2014 13:04:37] /r
[30/09/2014 13:04:38] /r
[30/09/2014 13:04:39] /r
[30/09/2014 13:04:40] /r
[30/09/2014 13:08:01] /r
[30/09/2014 13:08:02] /r
[30/09/2014 13:08:02] /r
[30/09/2014 13:08:02] /r
[30/09/2014 13:08:02] /r
[30/09/2014 13:08:02] /r
[30/09/2014 13:08:02] /r
[30/09/2014 13:08:02] /r
[30/09/2014 13:08:02] /r
[30/09/2014 13:08:02] /r
[30/09/2014 13:08:02] /r
[30/09/2014 13:08:02] /r
[30/09/2014 13:08:02] /r
[30/09/2014 13:08:02] /r
[30/09/2014 13:16:45] /openserver
[30/09/2014 13:48:02] /town 1
[30/09/2014 13:48:32] /b pessoal estou dando os ultimos ajustes  agora vou balancear o servidor inteiro e vou fexar o servidor ate vir o host official
[30/09/2014 13:54:56] /goto 972,958,7
[30/09/2014 13:55:03] /town 1
[30/09/2014 13:55:25] /reload globalevents
[30/09/2014 14:02:10] /ghost
[30/09/2014 14:02:37] /i 2331
[30/09/2014 14:04:01] /i 9074
[30/09/2014 14:06:59] /i 11637
[30/09/2014 14:07:08] /i 11638
[30/09/2014 14:07:28] /i 11639
[30/09/2014 14:07:54] /i 11639
[30/09/2014 14:14:14] /i revive
[30/09/2014 14:20:42] /c Aron,5
[30/09/2014 14:20:45] /c Aron,5
[30/09/2014 14:21:31] /i 11640
[30/09/2014 14:21:42] /i 11641
[30/09/2014 14:29:17] /i 13004
[30/09/2014 14:29:45] /i 12331
[30/09/2014 14:29:53] /i 13329
[30/09/2014 14:38:33] /m Shiny Mismagius
[30/09/2014 14:38:41] /r
[30/09/2014 14:38:59] /m Shiny Pachirisu
[30/09/2014 14:39:07] /r
[30/09/2014 14:39:36] /m Shiny Abomasnow
[30/09/2014 14:39:38] /r
[30/09/2014 14:39:56] /m Shiny Buneary
[30/09/2014 14:40:06] /r
[30/09/2014 14:40:14] /m Shiny Purugly
[30/09/2014 14:40:21] /m Shiny Skorupi
[30/09/2014 14:40:33] /m Shiny Drapion
[30/09/2014 14:40:36] /r
[30/09/2014 14:41:13] /m Shiny Starly
[30/09/2014 14:41:19] /m Shiny Skorupi
[30/09/2014 14:41:26] /m Shiny Purugly
[30/09/2014 14:41:33] /m Shiny Prinplup
[30/09/2014 14:41:48] /r
[30/09/2014 14:41:49] /r
[30/09/2014 14:41:50] /r
[30/09/2014 14:41:50] /r
[30/09/2014 14:41:50] /r
[30/09/2014 14:41:50] /r
[30/09/2014 14:41:50] /r
[30/09/2014 14:41:51] /r
[30/09/2014 14:43:06] /m Shiny Bagon
[30/09/2014 14:43:53] /m Shiny Aggron
[30/09/2014 14:44:44] /m Shiny Blaziken
[30/09/2014 14:45:13] /m Shiny Grovyle
[30/09/2014 14:45:27] /m Shiny Marshtomp
[30/09/2014 14:45:53] /m Shiny Shelgon
[30/09/2014 14:46:40] /r
[30/09/2014 14:46:40] /r
[30/09/2014 14:46:41] /r
[30/09/2014 14:46:41] /r
[30/09/2014 14:46:42] /r
[30/09/2014 14:46:42] /r
[30/09/2014 14:48:47] /i 8110
[30/09/2014 14:56:17] /n Mark
[30/09/2014 14:57:25] /closeserver
[30/09/2014 14:57:31] /reload npc
[30/09/2014 14:58:37] /reload npc
[30/09/2014 14:59:52] /reload npc
[30/09/2014 14:59:54] /n stone
[30/09/2014 15:00:07] /i 2160
[30/09/2014 15:07:12] /reload monster
[30/09/2014 15:14:27] /town 1
[30/09/2014 15:14:53] /town 1
[30/09/2014 15:15:15] /town 1
[30/09/2014 15:15:47] /town 1
[30/09/2014 15:19:29] /town 1
[30/09/2014 15:19:34] /ghost
[30/09/2014 15:20:13] /bc green Galera o Servidor vai esta Assim quando abrir  Official
[30/09/2014 15:20:28] /bc green tudo foi rebalanceados
[30/09/2014 15:20:35] /bc green nao vai ter mais lendarios
[30/09/2014 15:22:14] /bc green Rate,Balanceamento,Quests,Boxes,premios,Npcs Foram tudo Rebalanceados 
[30/09/2014 15:22:35] /bc green Respawn de Shiny 
[30/09/2014 15:22:47] /bc green Shiny Vai ser Raro alguem ter
[30/09/2014 15:23:41] /bc green So vai existe uma box free com chance minima de aparecer Shiny (Box Vip) 1-2 Geraçao e Respawn que esta 0.2% de Apariçao
[30/09/2014 15:24:12] /bc green 15:19 [Updates] Adicionado [Premio Por Level] Voce Ganha Premio Nos Leveis : [50,100,150,200,250] 250 = Ganha Dias de VIP.
[30/09/2014 15:25:04] /b bom galera o servidor vai esta assim Agora vou Comprar o Host e daki 1 a 2 Dias +- Servidor Official
[30/09/2014 15:25:11] /bc green bom galera o servidor vai esta assim Agora vou Comprar o Host e daki 1 a 2 Dias +- Servidor Official
[30/09/2014 15:25:20] /bc green Duvidas Help (MSG Privado-Bloquiado)
[30/09/2014 15:26:01] /bc green adicionado invasao toddos os dias  as 09:00 e as 21:00
[30/09/2014 15:29:29] /bc green Catch rebalanceado
[30/09/2014 15:32:13] /bc para Rare candy nao se vende mais no Mark
