[02/10/2014 18:55:58] !rank
[02/10/2014 19:20:35] !rank
[02/10/2014 19:33:50] !rank
[02/10/2014 20:13:07] !rank
[02/10/2014 20:32:46] /falar Eae ^^
[02/10/2014 20:32:51] /falar Eae ^^
[02/10/2014 20:34:10] !rank
[02/10/2014 20:45:33] !rank
[02/10/2014 20:46:30] !rank
[02/10/2014 20:49:46] !tuto
[02/10/2014 20:49:53] !vip
[02/10/2014 20:56:42] !rank
[02/10/2014 21:12:37] !rank
[02/10/2014 21:16:43] !serverinfo
[02/10/2014 21:24:42] !rank
[02/10/2014 21:34:41] !rank
[02/10/2014 21:40:12] !tuto
[02/10/2014 21:57:08] !rank
[02/10/2014 22:34:58] !rank
[02/10/2014 22:44:56] !rank
[02/10/2014 23:05:14] !rank
[03/10/2014 00:19:28] !rank
[03/10/2014 10:21:06] !rank
[03/10/2014 10:49:12] !rank
[03/10/2014 11:08:37] !rank
[03/10/2014 11:15:03] !rank
[03/10/2014 11:20:18] !rank
[03/10/2014 11:20:43] !rank
[03/10/2014 11:25:04] !rank
[03/10/2014 11:28:22] !rank
[03/10/2014 11:29:40] !rank
[03/10/2014 11:43:06] !rank
[03/10/2014 11:59:54] !rank
[03/10/2014 12:03:17] !tuto
[03/10/2014 12:08:11] !rank
[03/10/2014 12:21:19] !tuto
[03/10/2014 12:31:35] !serverinfo
[03/10/2014 12:46:40] !rank
[03/10/2014 13:10:05] !rank
[03/10/2014 13:34:24] !rank
[03/10/2014 13:52:51] !rank
[03/10/2014 14:23:11] !vip
[03/10/2014 14:23:34] !rank
[03/10/2014 18:08:48] !rank
[03/10/2014 18:15:17] !vip
[03/10/2014 19:26:31] !rank
[03/10/2014 19:52:03] !rank
[03/10/2014 19:52:07] !rank
[04/10/2014 08:45:47] !rank
[04/10/2014 09:32:27] !rank
[04/10/2014 09:47:40] !serverinfo
[04/10/2014 09:57:25] !rank
[04/10/2014 10:42:52] !rank
[04/10/2014 10:47:31] !rank
[04/10/2014 11:32:48] !rank
[04/10/2014 11:47:22] !rank
[04/10/2014 12:40:45] !rank
[04/10/2014 17:33:39] !rank
[04/10/2014 19:05:13] !rank
[04/10/2014 19:46:56] !rank
[05/10/2014 08:35:48] !rank
[05/10/2014 08:41:50] !rank
[05/10/2014 08:55:50] !rank
[05/10/2014 09:13:38] !rank
[05/10/2014 09:26:38] !rank
[05/10/2014 17:25:08] !rank
[05/10/2014 21:03:33] !rank
[06/10/2014 12:39:52] !rank
[06/10/2014 14:47:38] !rank fishing
[07/10/2014 19:03:13] !rank
[07/10/2014 19:08:01] !rank
[07/10/2014 19:11:46] !rank
[07/10/2014 19:12:49] !rank
[07/10/2014 19:17:06] !rank
[08/10/2014 16:51:40] !rank
