[07/10/2014 00:25:19] !clan
[07/10/2014 00:25:32] !rankclan
[07/10/2014 00:25:34] !rankclan
[07/10/2014 00:25:38] !rankclan 2
[07/10/2014 00:25:39] !rankclan 3
[07/10/2014 00:25:43] !rankclan 1
[07/10/2014 00:25:46] !rankclan 2
[07/10/2014 00:25:57] !rankclan 4
[07/10/2014 00:26:01] !rankclan 5
[07/10/2014 00:26:08] !rankclan 6
[07/10/2014 00:26:17] !clan
[07/10/2014 11:29:18] !rank fishing
[07/10/2014 12:00:26] !rank
[07/10/2014 19:32:04] !rank
[08/10/2014 12:13:25] !rank
[09/10/2014 01:44:52] !rank
[10/10/2014 01:34:48] !rank
[10/10/2014 12:11:00] !rank
[10/10/2014 12:53:42] !rank
[15/10/2014 21:57:06] !rankclan 2
[15/10/2014 21:57:08] !rankclan 3
[15/10/2014 21:57:10] !rankclan 4
[15/10/2014 21:57:11] !rankclan 5
