[13/10/2014 17:42:49] !tuto
[13/10/2014 19:51:00] !clan
[13/10/2014 19:51:07] !rankclan
[13/10/2014 20:01:30] !rankclan 5
[13/10/2014 20:01:44] !rankclan 1
[13/10/2014 20:01:49] !rankclan 2
[13/10/2014 20:01:53] !rankclan 3
[13/10/2014 20:01:57] !rankclan 3
[13/10/2014 20:01:59] !rankclan 4
[13/10/2014 20:02:06] !rankclan 5
[13/10/2014 20:02:06] !rankclan 5
[13/10/2014 22:52:09] !rank
[14/10/2014 15:09:10] !rank
[14/10/2014 15:28:43] !rank
[14/10/2014 15:30:04] !free
[14/10/2014 15:30:17] !vip
[14/10/2014 15:53:08] !rank
[14/10/2014 15:53:26] !rank
[14/10/2014 16:03:52] !rank
[14/10/2014 16:19:25] !rank
[14/10/2014 17:41:10] !rank 1
[14/10/2014 17:41:14] !clan 1
[14/10/2014 17:41:23] !rankclan 1
[14/10/2014 17:41:25] !rankclan 2
[14/10/2014 17:41:27] !rankclan 3
[14/10/2014 17:41:28] !rankclan 4
[14/10/2014 17:41:29] !rankclan 5
[14/10/2014 17:46:06] !rank
[14/10/2014 18:16:23] !rankclan 2
[14/10/2014 18:16:26] !rankclan 3
[14/10/2014 18:16:27] !rankclan 4
[14/10/2014 18:16:27] !rankclan 5
[14/10/2014 18:41:30] !rank
[15/10/2014 14:57:19] !rank
[15/10/2014 18:34:41] !tuto
[15/10/2014 19:31:03] !rank
