[07/10/2014 22:53:31] !rank can 1
[07/10/2014 22:53:39] !rank clan 1
[07/10/2014 22:53:44] !rank clan 2
[07/10/2014 22:53:47] !rank clan 3
[07/10/2014 22:53:50] !rank clan 4
[07/10/2014 22:53:56] !rank clan 5
[07/10/2014 22:54:18] !rank clan 2
[07/10/2014 22:54:27] !rank clan 3
[07/10/2014 22:54:30] !rank clan 4
[07/10/2014 22:54:33] !rank clan 5
[07/10/2014 22:54:55] !rank clan 1
[07/10/2014 22:55:07] !rank clan 1 
[07/10/2014 22:55:30] !rank clan 2
[07/10/2014 22:56:55] !rank clan 2
[07/10/2014 22:57:00] !clan 2
[07/10/2014 22:57:09] !rankclan 2
[07/10/2014 22:57:11] !rankclan 3
[07/10/2014 22:57:16] !rankclan 4
[07/10/2014 22:57:18] !rankclan 5
[09/10/2014 14:03:39] !rank
