[06/10/2014 14:43:41] !rank
[06/10/2014 14:44:19] !rank pesca
[07/10/2014 06:36:01] !rank
[07/10/2014 09:11:26] !rank pesca
[07/10/2014 11:17:06] !rank clan=
[07/10/2014 11:17:13] !rank clan
[07/10/2014 11:24:42] !rank clan 1
[07/10/2014 11:24:57] !rankclan 1
[07/10/2014 11:24:59] !rankclan 1
[07/10/2014 11:25:00] !rankclan 1
[07/10/2014 11:25:03] !rankclan 2
[07/10/2014 11:25:05] !rankclan 3
[07/10/2014 11:25:07] !rankclan 4
[07/10/2014 11:25:08] !rankclan 1
[07/10/2014 11:25:10] !rankclan 5
[07/10/2014 11:25:13] !rankclan 6
[07/10/2014 15:19:34] !rank
[07/10/2014 16:00:51] !rank
[07/10/2014 19:09:19] !rank
[08/10/2014 08:02:03] !rank
[08/10/2014 10:37:50] !rankclan 1
[08/10/2014 14:20:22] !rank
[08/10/2014 17:51:38] !rank
[08/10/2014 19:00:59] !rank
[10/10/2014 16:12:01] !rank pesca
[10/10/2014 18:09:47] !rank
[10/10/2014 18:12:35] !rank
[10/10/2014 18:22:31] !rank
[10/10/2014 18:37:24] !rank
[10/10/2014 18:50:22] !rank
[10/10/2014 19:00:30] !rank
[10/10/2014 19:17:45] !rank
[10/10/2014 19:22:17] !rank
[10/10/2014 20:02:12] !rank
[10/10/2014 20:04:00] !rank
[11/10/2014 07:26:38] !rank
[11/10/2014 07:41:18] !rank
[11/10/2014 08:08:04] !rank
[11/10/2014 08:08:30] !rank
[11/10/2014 08:30:28] !rank
[11/10/2014 08:40:55] !rank ml
[11/10/2014 10:46:36] !rank
[11/10/2014 13:45:01] !rank
[11/10/2014 21:26:58] !rank
