[28/09/2014 18:57:53] !tuto
[28/09/2014 19:09:16] !tuto
[02/10/2014 19:19:16] !rank
[02/10/2014 20:11:22] !rank
[02/10/2014 20:11:27] !rank
[02/10/2014 20:15:19] !rank
[02/10/2014 20:45:22] !rank
[02/10/2014 21:05:09] !vip
[02/10/2014 21:10:21] !rank
[02/10/2014 21:16:46] !serverinfo
[02/10/2014 21:32:32] !tuto
[02/10/2014 21:32:52] !free
[02/10/2014 21:34:14] !rank
[02/10/2014 23:08:00] !rank
[03/10/2014 00:47:25] !rank
[03/10/2014 01:18:55] !rank
[03/10/2014 02:21:30] !rank
[03/10/2014 13:17:34] !rank
[03/10/2014 13:53:02] !free
[03/10/2014 15:03:15] !free
[03/10/2014 16:42:30] !rank
[03/10/2014 17:05:48] !rankclan 2
[03/10/2014 17:05:56] !rankclan 5
[03/10/2014 17:06:13] !rankclan 7
[03/10/2014 17:06:17] !rankclan 1000
[03/10/2014 17:08:24] !rankclan 5
[03/10/2014 20:06:17] !rank
[03/10/2014 21:02:51] !rank
[03/10/2014 23:14:47] !rank
[04/10/2014 00:38:21] !rank
[04/10/2014 00:43:08] !rankclan 3
[04/10/2014 00:43:20] !rankclan 4
[04/10/2014 00:43:25] !rankclan 5
[04/10/2014 00:43:31] !rankclan 100
[04/10/2014 00:43:35] !rankclan 6
[07/10/2014 00:32:28] !rank
[07/10/2014 01:31:55] /falar
[07/10/2014 01:32:06] /falar 1
[09/10/2014 01:49:30] !rank
[09/10/2014 02:34:25] !vip
[09/10/2014 13:47:09] !rank
[09/10/2014 21:36:46] !rank
[10/10/2014 23:23:57] !rank
[11/10/2014 02:36:28] !rank
[11/10/2014 16:42:00] !rank
[11/10/2014 16:50:14] !vip
[11/10/2014 16:50:42] !free
[11/10/2014 17:04:04] !rank fish
[12/10/2014 19:46:46] !rank
[12/10/2014 20:32:21] !rank
[13/10/2014 02:14:00] !rank
[13/10/2014 20:05:44] !rankclan 1
[13/10/2014 20:05:46] !rankclan 2
[13/10/2014 20:05:49] !rankclan 3
[13/10/2014 20:05:51] !rankclan 4
[13/10/2014 20:05:53] !rankclan 5
[13/10/2014 20:09:08] !rankclan 1
[13/10/2014 20:09:24] !rankclan 4
[13/10/2014 21:38:38] !rank
[14/10/2014 02:11:05] !rank fish
[14/10/2014 02:55:23] !rank
[14/10/2014 03:54:22] !tuto
[14/10/2014 03:58:09] !rank
[14/10/2014 17:21:43] !rank soul
[15/10/2014 14:33:31] /pos
[15/10/2014 14:34:51] !clan
[15/10/2014 14:35:07] !clan
[15/10/2014 15:37:54] !vip /commands /rank /reloadCDs 
[15/10/2014 15:37:58] !vip /commands /rank /reloadCDs 
[15/10/2014 16:14:03] !rank
