[08/10/2014 11:59:34] !rank
[08/10/2014 12:18:22] !vip
[08/10/2014 12:21:59] !vip
[08/10/2014 12:22:20] !tuto
[08/10/2014 12:23:02] !free
[08/10/2014 15:21:45] !rank
[08/10/2014 18:34:17] !rankclan 1
[08/10/2014 18:34:20] !rankclan 1
[08/10/2014 18:34:22] !rankclan 2
[08/10/2014 18:34:24] !rankclan 3
[08/10/2014 18:34:26] !rankclan 4
[08/10/2014 18:34:28] !rankclan 5
[08/10/2014 19:02:53] !rankclan 2
[08/10/2014 19:02:58] !rankclan 1
[08/10/2014 19:03:01] !rankclan 2
[08/10/2014 22:04:55] !rank
[11/10/2014 06:37:20] !rank
[11/10/2014 12:06:23] !rank
[11/10/2014 12:34:23] !rank
[11/10/2014 12:34:31] !rank fishing
[11/10/2014 12:34:42] !rank pesca
[11/10/2014 14:01:40] !rank
[11/10/2014 14:41:45] !rank
[11/10/2014 16:35:22] !rank
[11/10/2014 19:21:15] !rank
[11/10/2014 20:55:15] !rank
[13/10/2014 09:17:00] !rank
[13/10/2014 09:17:31] !rank
[14/10/2014 09:33:25] !rank
