[03/10/2014 17:05:55] !rankclan 2
[03/10/2014 17:09:28] !clan
[03/10/2014 17:09:34] !clan
[03/10/2014 17:09:42] !rankclan
[03/10/2014 17:09:53] !rankclan 1
[03/10/2014 17:09:55] !rankclan 2
[03/10/2014 17:09:57] !rankclan 2
[03/10/2014 17:10:12] !rankclan 3
[03/10/2014 17:10:21] !rankclan 4
[03/10/2014 17:10:29] !rankclan 5
[03/10/2014 20:09:37] !vip
[04/10/2014 21:04:09] !rank
[04/10/2014 22:45:22] !vip
[08/10/2014 14:35:32] !rank
[08/10/2014 15:26:23] !rank
[08/10/2014 19:58:47] !tuto
[08/10/2014 22:21:31] !rank
[08/10/2014 23:28:19] !rank
[09/10/2014 01:20:12] !vip
[09/10/2014 14:59:56] !rank
[09/10/2014 23:53:14] !rankclan
[12/10/2014 12:02:02] !rank
[12/10/2014 12:54:11] !rankclan 1
[12/10/2014 12:54:14] !rankclan 2
[12/10/2014 12:54:17] !rankclan 3
[12/10/2014 12:54:20] !rankclan 4
[12/10/2014 12:54:24] !rankclan 5
[12/10/2014 13:42:28] !rank
[14/10/2014 13:34:25] !rank
