[14/10/2014 22:05:16] !clan
[14/10/2014 22:05:33] !rankclan
[14/10/2014 22:05:44] !rankclan
[14/10/2014 22:06:07] !rankclan
[14/10/2014 22:06:23] !rankclan 1!
[14/10/2014 22:06:35] !clan
[15/10/2014 09:29:14] !free
[15/10/2014 09:29:28] !vip
[15/10/2014 11:36:13] !tuto
[15/10/2014 12:49:50] !free
[15/10/2014 13:02:14] !rank
[15/10/2014 13:02:24] !rankclan
[15/10/2014 13:02:43] !rankclan
[15/10/2014 13:02:56] !rankclan 1
[15/10/2014 13:03:03] !rankclan
[15/10/2014 13:03:08] !rankclan 2
[15/10/2014 13:03:28] !rankclan 3
[15/10/2014 13:03:45] !clan
[15/10/2014 13:03:51] !rankclan
[15/10/2014 13:03:57] !rankclan 5
[15/10/2014 13:04:01] !rankclan 4
[15/10/2014 13:04:04] !rankclan 3
[15/10/2014 13:04:10] !rankclan 4]
[15/10/2014 13:04:12] !rankclan 4
[15/10/2014 13:04:15] !rankclan 5
[15/10/2014 13:04:22] !clan
[15/10/2014 13:53:21] !rank
[15/10/2014 13:53:41] !rank
[15/10/2014 14:05:01] !rank
[15/10/2014 14:07:30] !rank
[15/10/2014 15:05:59] !tuto
[15/10/2014 21:17:22] !rank
