[04/10/2014 10:20:21] !clan
[04/10/2014 10:20:36] !clan
[04/10/2014 10:21:27] !rank
[04/10/2014 10:21:39] !clan
[04/10/2014 10:21:50] !clan
[04/10/2014 10:22:01] !clan 2
[04/10/2014 10:22:13] !rankclan
[04/10/2014 10:22:29] !rankclan
[04/10/2014 10:22:37] !rankclan 2
[04/10/2014 10:22:48] !rankclan 3
[04/10/2014 13:38:29] !rankclan 5
[04/10/2014 13:38:36] !rankclan 4
[04/10/2014 13:38:42] !rankclan 4
[04/10/2014 13:38:47] !rankclan 3
[04/10/2014 13:38:57] !rankclan 4
[04/10/2014 13:45:39] !clan
[04/10/2014 13:45:57] !rankclan 4
[04/10/2014 14:23:44] !rankclan 5
[04/10/2014 17:52:04] !rank
[04/10/2014 18:23:48] !rank
[04/10/2014 18:33:30] !rank
[07/10/2014 07:30:13] !rank
[07/10/2014 08:04:33] !rank
[07/10/2014 10:16:07] !rank
[07/10/2014 12:22:01] !free
[07/10/2014 12:22:13] !vip
[07/10/2014 12:26:26] !tuto
[07/10/2014 12:27:52] !vip
[07/10/2014 15:18:39] !rank
[07/10/2014 15:40:46] !rank
[08/10/2014 09:35:25] !rank
[08/10/2014 09:52:36] !rank
[08/10/2014 10:04:01] !rank
[08/10/2014 11:13:03] !rank
[08/10/2014 12:35:02] !rank
[08/10/2014 14:14:58] !rank
[08/10/2014 14:27:01] !rank
[08/10/2014 14:50:35] !rank
[08/10/2014 17:23:01] !rank
[08/10/2014 18:54:38] !rank
