[08/10/2014 08:52:35] !tuto
[08/10/2014 09:53:13] !tuto
[08/10/2014 12:26:45] !clan
[08/10/2014 12:28:22] !rankclan 2
[08/10/2014 12:29:07] !rankclan 5
[08/10/2014 12:29:16] !rankclan 3
[08/10/2014 12:29:20] !rankclan 4
[08/10/2014 12:29:34] !rankclan 5
[08/10/2014 12:42:31] !rankclan 
[09/10/2014 13:59:34] !rank
[09/10/2014 14:00:15] !rank
[09/10/2014 14:00:54] !rank level
[10/10/2014 09:39:02] !vip
[10/10/2014 09:39:24] !free
[11/10/2014 12:34:28] !rank
[11/10/2014 12:53:08] !rank
[11/10/2014 18:01:08] !rank
[11/10/2014 18:28:27] !rank
[11/10/2014 18:39:50] !rank
[12/10/2014 11:27:48] !rank
[12/10/2014 11:32:31] !rank
[12/10/2014 11:36:57] !rank
[12/10/2014 11:39:31] !rank
[12/10/2014 11:49:31] !rank
[12/10/2014 12:00:32] !rank
[12/10/2014 12:10:11] !rank
[12/10/2014 12:21:03] !rank
[12/10/2014 12:36:55] !rankclan 2
[12/10/2014 12:36:58] !rankclan 3
[12/10/2014 12:37:01] !rankclan 4
[12/10/2014 12:37:04] !rankclan 5
[12/10/2014 12:39:42] !rank
[12/10/2014 12:40:04] !rank 2
[12/10/2014 12:55:59] !rank
[12/10/2014 12:57:37] !rank
[12/10/2014 12:57:56] !rank
[12/10/2014 13:10:43] !rank
[12/10/2014 13:36:28] !rank
[12/10/2014 13:48:09] !rank
[12/10/2014 13:59:56] !rank
[12/10/2014 16:00:48] !rank
[12/10/2014 16:48:06] !rank
[12/10/2014 17:09:39] !rank
[12/10/2014 19:07:08] !rank
[12/10/2014 19:23:46] !rank
[12/10/2014 20:11:33] !rankclan 1
[12/10/2014 20:11:37] !rankclan 2
[12/10/2014 20:11:41] !rankclan 3
[12/10/2014 20:11:43] !rankclan 4
[12/10/2014 20:11:46] !rankclan 5
[12/10/2014 20:11:52] !rankclan 6
[12/10/2014 20:18:14] !rank
[12/10/2014 20:30:58] !rank
[13/10/2014 08:19:09] !rank
[13/10/2014 16:26:18] !rank
[13/10/2014 22:15:11] !rank
[13/10/2014 22:41:15] !rank
[13/10/2014 22:41:52] !rank
[14/10/2014 19:26:21] !rank
[14/10/2014 19:33:02] !rank
[14/10/2014 23:52:46] !rank
[15/10/2014 08:16:45] !rank
[15/10/2014 08:50:02] !rank
[15/10/2014 09:13:40] !rankclan 2
[15/10/2014 09:13:43] !rankclan 3
[15/10/2014 09:13:46] !rankclan 4
[15/10/2014 09:13:47] !rankclan 4
[15/10/2014 09:13:50] !rankclan 5
