[13/10/2014 19:05:39] !vip
[13/10/2014 20:01:18] !rankclan 5
[13/10/2014 20:06:54] !rankclan 1
[13/10/2014 20:06:56] !rankclan 2
[13/10/2014 20:06:57] !rankclan 3
[13/10/2014 20:29:55] !rankclan 1
[13/10/2014 20:29:56] !rankclan 2
[13/10/2014 20:29:57] !rankclan 3
[13/10/2014 20:29:58] !rankclan 4
[13/10/2014 20:29:58] !rankclan 5
[13/10/2014 22:59:15] !rank
[13/10/2014 22:59:31] !rank magic
[13/10/2014 22:59:53] !rank magic
[13/10/2014 23:02:28] !rank magic
[13/10/2014 23:02:30] !rank magic.
[14/10/2014 11:05:50] !tuto
[14/10/2014 11:15:08] !rank magic
[14/10/2014 11:28:45] !rank
[14/10/2014 11:52:51] !rankclan 2
[14/10/2014 11:52:53] !rankclan 3
[14/10/2014 11:52:54] !rankclan 4
[14/10/2014 11:52:55] !rankclan 5
[14/10/2014 16:11:21] !tuto
[14/10/2014 16:17:36] !rank magic
[14/10/2014 19:04:39] !rank
[14/10/2014 19:06:47] !rank
[14/10/2014 19:07:03] !rank magic
[14/10/2014 19:07:28] !rank magic
[14/10/2014 19:21:40] !rank magic
[15/10/2014 15:33:03] !rank fishing
