[07/10/2014 01:30:30] !vip
[07/10/2014 01:30:48] !tuto
[07/10/2014 01:31:00] !free
[07/10/2014 01:39:41] !vip
[07/10/2014 01:39:43] !free
[07/10/2014 01:39:54] !clan
[07/10/2014 01:40:00] !rankclan
[07/10/2014 01:40:05] !rankclan
[07/10/2014 01:40:08] !rankclan 1
[07/10/2014 01:42:15] !tuto
[07/10/2014 10:15:15] !tuto
[07/10/2014 10:16:56] !vip
[07/10/2014 10:17:20] !tuto
[07/10/2014 10:17:51] /pos
[07/10/2014 10:18:12] /falar
[07/10/2014 10:18:17] /falar
[07/10/2014 10:18:18] /falar 1
[07/10/2014 10:18:30] /falar Sinhom
[07/10/2014 10:18:37] /falar Davidd
[07/10/2014 10:18:46] /falar Sinhom AA..
[07/10/2014 10:18:56] /falar boom
[07/10/2014 10:18:57] /falar
[07/10/2014 10:18:59] /falar kasas
[07/10/2014 10:19:02] /falar kasas e
[07/10/2014 10:19:05] /falar kasas
[07/10/2014 10:19:08] /falar kasas
[07/10/2014 10:19:30] /serverinfo
[07/10/2014 10:27:28] /falar David
[07/10/2014 10:27:32] /falar
[07/10/2014 10:27:35] /falar
[07/10/2014 10:27:36] /falar a
[07/10/2014 10:28:06] /falar David aaa
[07/10/2014 10:28:11] /falar David, AAA
[07/10/2014 10:28:16] /falar David HELP me
[07/10/2014 10:28:38] /falar Mika, Oi.... eu buggado
[07/10/2014 10:28:52] /falar Kasas, oi
[07/10/2014 10:29:10] /falar Cronus, Help me - Kasas
[07/10/2014 10:29:22] /falar bumbum guloso, HELp
[07/10/2014 10:29:55] /falar Pp Ee Dd Rr Oo, Oi, eu Kasas... me ajude, eu estou grampeado
[07/10/2014 10:30:24] /falar Ilusion, HELP
[07/10/2014 10:30:41] /falar Kasas, Hello
[07/10/2014 10:31:08] /falar Sinhom SINHOM.... SINHOM
[07/10/2014 10:31:18] /falar Sinhom, Sinhom SINHOM. SIIIINHOOOOM.
[07/10/2014 10:31:27] !free
[07/10/2014 10:37:50] !rank
[07/10/2014 12:44:35] /falar Ilusion, Hiiii
[07/10/2014 12:45:25] /falar Cronya Atimus, Help me, my nick is Kasas. I am stuck...
[07/10/2014 12:45:47] /falar thezin, My nick is Kasas, help me. I am stuck....
[07/10/2014 12:46:09] /falar Bumbum guloso, My nickname is Kasas, help me, I am stuck...
[07/10/2014 12:46:23] /falar cronus ei.... eu Kasas
[07/10/2014 12:46:39] /falar Cronus, Ei.. Eu Kasas
[07/10/2014 14:07:57] /serverinfo
[07/10/2014 14:08:23] /rank
[08/10/2014 01:22:53] !vip
[08/10/2014 01:23:02] !free
[08/10/2014 01:24:00] /falar kasas, HI
[08/10/2014 01:38:11] !clan
[08/10/2014 01:38:17] !rankclan
[08/10/2014 01:38:29] !rank
[08/10/2014 01:38:32] !clan
[08/10/2014 01:38:37] !rankclan 2
[08/10/2014 08:53:31] !clan
[08/10/2014 08:53:36] !rankclan
[08/10/2014 08:53:39] !rankclan 1
[08/10/2014 08:53:44] !rankclan 2
[08/10/2014 09:06:44] /falar Isac, Hello
[08/10/2014 09:13:00] !rank
[08/10/2014 09:13:04] !clan
[08/10/2014 09:13:09] !rankclan
[08/10/2014 09:13:11] !clan
[08/10/2014 09:13:18] !rankclan 3
[08/10/2014 09:13:31] !rankclan 2
[08/10/2014 09:13:34] !rankclan 3
[08/10/2014 09:13:36] !rankclan 4
[08/10/2014 09:13:42] !rankclan 1
[10/10/2014 14:41:02] !clan
[10/10/2014 14:41:07] !rankclan 3
[10/10/2014 14:41:09] !rankclan 2
[10/10/2014 14:41:12] !rankclan 3
[10/10/2014 15:06:14] !rank
