[05/06/2015 14:21:06] /addskill kno redle, level, 100
[05/06/2015 14:21:47] /m charmander
[05/06/2015 14:22:17] /s nurse
[05/06/2015 14:22:20] /s nurse joy
[05/06/2015 14:22:30] /goto nurse joy
[05/06/2015 14:22:54] /goto charizard
[05/06/2015 14:23:12] /n nurse joy
[05/06/2015 14:23:21] /m nurse joy
[05/06/2015 14:23:26] /s nurse joy
[05/06/2015 14:23:35] /addskill kno redle, level, 100
[05/06/2015 14:24:03] /s blastoise
[05/06/2015 14:24:24] /goto home
[05/06/2015 14:24:29] /goto nurse joy
[05/06/2015 14:25:41] /goto rattata
[05/06/2015 14:29:09] /goto odish
[05/06/2015 14:29:15] /goto sunkern
[05/06/2015 14:29:22] /goto caterpie
[05/06/2015 14:30:04] /i master ball
[05/06/2015 14:30:40] /i 2395
[05/06/2015 14:31:27] /i 1244
[05/06/2015 14:31:35] /i 12344
