[03/10/2014 19:49:36] !vip
[04/10/2014 07:24:41] !free
[04/10/2014 08:34:25] !vip
[05/10/2014 10:15:22] !tuto
[05/10/2014 18:03:18] !vip
[05/10/2014 20:12:48] !vip
[05/10/2014 23:45:05] !rank
[06/10/2014 16:43:26] !rank
[06/10/2014 19:30:00] !vip
[07/10/2014 09:04:34] !rank
[07/10/2014 12:23:59] !rank
[07/10/2014 13:34:51] !vip
[07/10/2014 23:03:30] !rank
[08/10/2014 12:27:42] !rankclan 1
[08/10/2014 12:27:47] !rankclan 2
[08/10/2014 12:27:51] !rankclan 3
[08/10/2014 12:27:53] !rankclan 4
[08/10/2014 12:27:55] !rankclan 5
[08/10/2014 12:27:58] !rankclan 6
[08/10/2014 12:41:55] !rank 5
[08/10/2014 12:42:01] !rank 2
[08/10/2014 12:42:07] !rank 1
[08/10/2014 12:42:21] !rank 2
[08/10/2014 12:42:40] !rankclan 5
[08/10/2014 12:42:44] !rankclan 2
[08/10/2014 12:42:45] !rankclan 3
[08/10/2014 12:42:47] !rankclan 4
[08/10/2014 12:42:49] !rankclan 5
[08/10/2014 15:19:57] !rank
[08/10/2014 19:20:10] !rank
[09/10/2014 01:44:55] !rank
[10/10/2014 12:25:26] !rank
[10/10/2014 16:11:21] !rank
[10/10/2014 18:50:07] !rank
[10/10/2014 21:38:49] !rank
[10/10/2014 23:16:36] !rank
[11/10/2014 00:06:48] !rank
[11/10/2014 03:18:29] !rank
[11/10/2014 21:28:25] !rank
[12/10/2014 13:52:54] !rank
[12/10/2014 14:08:23] !vip
[12/10/2014 14:21:34] !serverinfo
[12/10/2014 16:50:43] !rank
[12/10/2014 19:23:32] !serverinfo
[13/10/2014 02:31:06] !rank
[13/10/2014 02:31:22] !serverinfo
[13/10/2014 11:44:54] !rank
[13/10/2014 14:48:47] !rank
[13/10/2014 23:18:40] !rank
