[09/10/2014 15:08:51] !vip
[09/10/2014 15:09:03] !free
[09/10/2014 23:53:58] !rankclan 1
[09/10/2014 23:54:14] !rankclan 1 
[09/10/2014 23:54:24] !rankclan 2
[09/10/2014 23:54:29] !rankclan 3
[09/10/2014 23:54:32] !rankclan 4
[09/10/2014 23:54:34] !rankclan 5
[11/10/2014 19:45:47] !tuto
[11/10/2014 20:45:24] !tuto
[12/10/2014 14:34:16] !rankclan 1
[12/10/2014 14:34:18] !rankclan 2
[12/10/2014 14:34:19] !rankclan 
[12/10/2014 14:34:20] !rankclan 3
[12/10/2014 14:34:21] !rankclan 4
[12/10/2014 14:34:24] !rankclan 1
[12/10/2014 14:34:27] !rankclan 5
[12/10/2014 14:35:48] !tuto
[12/10/2014 18:33:23] !rank
[12/10/2014 18:33:28] !rank
[12/10/2014 18:34:56] !rank
[12/10/2014 18:57:51] !rank
[12/10/2014 19:13:53] !rank
[13/10/2014 01:20:02] !rank
[13/10/2014 13:24:02] !rank
[13/10/2014 15:53:35] !rank
[13/10/2014 16:28:48] !rank
[13/10/2014 16:31:31] !vip
[13/10/2014 16:37:37] !free
[13/10/2014 16:37:44] !vip
[13/10/2014 16:39:33] !rank
[13/10/2014 17:29:08] !rank
[13/10/2014 21:00:02] !rank
[13/10/2014 22:27:33] !rank
[13/10/2014 23:02:03] !rank magic
[13/10/2014 23:03:56] !rank
[13/10/2014 23:21:39] !rank
[13/10/2014 23:30:31] !rank
[14/10/2014 00:45:46] !rank
[14/10/2014 00:51:57] !rank pesca
[14/10/2014 00:52:02] !rank fish
[14/10/2014 08:12:38] !rank
[14/10/2014 14:17:48] !rank
[14/10/2014 14:18:31] !rank
[14/10/2014 14:19:02] !rank
[14/10/2014 14:20:41] !rank pesca
[14/10/2014 14:20:47] !rank fishing
[14/10/2014 14:20:51] !rank fish
[14/10/2014 15:38:07] !rank
[14/10/2014 16:23:20] !rank
[14/10/2014 21:01:51] !rank
[15/10/2014 08:19:55] !rank
[15/10/2014 08:20:20] !rank fishing
[15/10/2014 08:20:23] !rank fish
[15/10/2014 09:49:17] !rank fish
[15/10/2014 10:09:44] !rank dex
[15/10/2014 10:09:49] !rank pokedex
[15/10/2014 10:09:53] !rank amgic
[15/10/2014 10:09:59] !rank magic
[15/10/2014 10:18:42] !rank magic
[15/10/2014 10:38:43] !rank
[15/10/2014 10:47:08] !rank
[15/10/2014 10:50:23] !rank
[15/10/2014 11:02:01] !rank fish
[15/10/2014 17:06:05] !rank
[15/10/2014 17:46:02] !rank
[15/10/2014 17:46:14] !rank
[15/10/2014 18:09:57] !rank
[15/10/2014 19:36:55] !rank
[15/10/2014 19:37:10] !rank magic
[15/10/2014 19:37:18] !rank fish
