[10/10/2014 18:53:40] !vip
[10/10/2014 18:53:51] !tuto
[10/10/2014 18:59:34] !tuto
[10/10/2014 19:02:27] !tuto
[10/10/2014 19:02:54] !free
[10/10/2014 19:03:06] !vip
[10/10/2014 19:10:34] !tuto
[11/10/2014 18:39:33] !vip
[11/10/2014 20:58:18] !clan
[11/10/2014 20:58:29] !clan 2
[11/10/2014 20:58:39] !rankclan
[11/10/2014 20:58:44] !rankclan 1
[11/10/2014 20:58:45] !rankclan 2
[11/10/2014 20:58:50] !rankclan 3
[11/10/2014 20:58:52] !rankclan 4
[11/10/2014 20:58:55] !rankclan 5
[11/10/2014 21:28:16] !tuto
[12/10/2014 12:38:22] !tuto
[12/10/2014 12:38:52] !vip
[12/10/2014 12:57:16] !rankclan
[12/10/2014 12:57:20] !rankclan 2
[12/10/2014 12:57:21] !rankclan 3
[12/10/2014 12:57:22] !rankclan 4
[12/10/2014 12:57:23] !rankclan 5
[12/10/2014 13:37:53] !rank
[12/10/2014 14:21:22] !rank
[12/10/2014 14:27:26] !rankclan 2
[12/10/2014 14:27:28] !rankclan 3
[12/10/2014 14:27:29] !rankclan 4
[12/10/2014 14:27:30] !rankclan 5
[12/10/2014 14:55:12] !rank
[12/10/2014 19:03:11] !rank
[12/10/2014 20:48:03] !rank
[13/10/2014 10:33:44] !rank
[13/10/2014 10:54:12] !vip
[13/10/2014 13:33:04] !rank
