[19/01/2015 16:29:32] /rank
[22/01/2015 19:53:31] !clan
[22/01/2015 19:53:45] !clan
[22/01/2015 19:53:49] !rankclan 2
[22/01/2015 19:53:56] !rankclan 3
[22/01/2015 20:23:26] !clan
[22/01/2015 20:49:35] !rankclan 3
[22/01/2015 21:07:52] !rankclan
[22/01/2015 21:07:54] !rankclan 1
[22/01/2015 21:07:55] !rankclan 2
[22/01/2015 21:08:18] !rankclan 2
[22/01/2015 21:09:18] !rankclan 2
[22/01/2015 21:09:24] !rankclan 2
[22/01/2015 21:09:25] !rankclan 3
[22/01/2015 21:09:32] !rankclan 3
[22/01/2015 21:09:36] !rankclan 4
[22/01/2015 21:15:44] /falar
[22/01/2015 21:15:51] /falar .
[22/01/2015 21:16:21] /falar Amandinha;a
[22/01/2015 21:16:27] /falar Amandinha,a
[22/01/2015 21:16:36] /falar Amandinha,oi
