[04/10/2014 15:58:51] !rank
[04/10/2014 15:59:02] !rank fishing
[04/10/2014 16:08:28] !rank
[04/10/2014 16:26:42] !rank
[04/10/2014 16:27:01] !rank
[04/10/2014 16:41:00] !rank
[04/10/2014 17:10:38] !vip
[04/10/2014 17:19:17] !rank
[04/10/2014 17:42:57] !tuto
[04/10/2014 17:44:32] !tuto
[04/10/2014 17:54:31] !rank
[04/10/2014 18:05:13] !rank
[04/10/2014 18:34:19] !rank
[04/10/2014 18:48:36] !rank
[04/10/2014 19:08:29] !rank
[04/10/2014 19:27:05] !rank
[04/10/2014 19:55:44] !rank
[04/10/2014 20:12:34] !rank
[04/10/2014 20:18:41] !rank
[04/10/2014 20:19:30] !rank
[04/10/2014 20:21:29] !rank
[04/10/2014 20:24:14] !rank
[04/10/2014 20:33:12] !rank
[04/10/2014 20:35:36] !rank
[04/10/2014 20:38:06] !rank
[04/10/2014 20:41:40] !rank
[04/10/2014 20:42:33] !rank
[04/10/2014 20:48:28] !rank
[04/10/2014 20:50:11] !rank
[04/10/2014 20:53:53] !rank
[04/10/2014 21:07:34] !rank
[04/10/2014 21:10:59] !rank
[05/10/2014 20:54:04] !rank
[05/10/2014 20:55:40] !rank
[05/10/2014 21:08:29] !rank
[05/10/2014 21:16:26] !tuto
[05/10/2014 21:32:18] !rank
[05/10/2014 21:32:35] !rank
[05/10/2014 22:16:40] !rank
[05/10/2014 22:37:42] !rank
[06/10/2014 19:15:37] !rank
[06/10/2014 19:17:38] !rank
[06/10/2014 19:28:45] !rank
[07/10/2014 17:32:31] !rank
[07/10/2014 17:35:21] !rank
[09/10/2014 17:23:51] !rank
[09/10/2014 17:38:16] !rank
[09/10/2014 17:38:28] !rank
[10/10/2014 18:13:32] !rank
[10/10/2014 18:51:50] !rank
[10/10/2014 19:35:37] !rank
[10/10/2014 19:51:55] !rank
[10/10/2014 21:31:40] !rank
[10/10/2014 23:21:21] !rank
[11/10/2014 10:26:51] !rank
[11/10/2014 11:28:49] !clan
[11/10/2014 11:28:56] !clan
[11/10/2014 11:29:20] !clan
[11/10/2014 11:29:25] !rankclan
[11/10/2014 11:29:28] !rankclan 5
[11/10/2014 11:29:31] !rankclan 1
[11/10/2014 11:29:33] !rankclan 2
[11/10/2014 11:29:37] !rankclan 3
[11/10/2014 11:29:38] !rankclan 4
[11/10/2014 11:29:39] !rankclan 5
[11/10/2014 11:29:41] !rankclan 6
[11/10/2014 12:06:37] !rank
[11/10/2014 12:18:29] !rankclan
[11/10/2014 12:18:30] !rankclan 1
[11/10/2014 12:18:32] !rankclan 2
[11/10/2014 12:18:33] !rankclan 3
[11/10/2014 12:18:34] !rankclan 4
[11/10/2014 12:18:35] !rankclan 5
[11/10/2014 12:28:45] !rank
[11/10/2014 13:31:49] !rank
[11/10/2014 13:59:59] !rank
[11/10/2014 14:01:18] !rank
[11/10/2014 15:04:42] !rank
[11/10/2014 15:07:45] !rank
[11/10/2014 15:15:57] !rank
[11/10/2014 15:30:37] !rank
[11/10/2014 16:21:27] !rank
[11/10/2014 16:42:03] !rank
[11/10/2014 17:46:09] !rank
[11/10/2014 17:57:31] !rank
[11/10/2014 17:58:52] !rank
[11/10/2014 18:05:00] !rank
[11/10/2014 18:08:58] !vip
[11/10/2014 18:24:33] !rank
[11/10/2014 19:08:23] !rank
